2026-03-28 09:58:04 INFO generator.run.generator.pipeline: Using device: mps
2026-03-28 09:58:04 INFO generator.run.generator.pipeline: Run ID: 20260328_095803
2026-03-28 09:58:04 INFO generator.run.generator.pipeline: Loading data from /Users/pranavipanduga/Documents/fyp/Epitote-HLA-Binding-Prediction-and-Design-1/data_processing/data/mhc_class1_ms_balanced.npz...
2026-03-28 09:58:07 INFO generator.run.generator.pipeline: Loaded 727476 peptides
2026-03-28 09:58:07 INFO generator.run.generator.pipeline: Unique alleles: 213
2026-03-28 09:58:07 INFO generator.run.generator.pipeline: Using top 10 alleles by frequency: ['HLA-A*02:01', 'HLA-B*27:05', 'HLA-B*07:02', 'HLA-A*03:01', 'HLA-B*57:01', 'HLA-B*15:02', 'HLA-B*40:01', 'HLA-B*51:01', 'HLA-B*40:02', 'HLA-A*11:01']
2026-03-28 09:58:08 INFO generator.run.generator.pipeline: Training AR model (transformer)...
2026-03-28 09:58:08 INFO generator.run.generator.pipeline: Stratified split: train=654675, val=72801
2026-03-28 10:14:40 INFO generator.run.generator.training: Epoch 1: train_loss=2.6189, val_loss=2.5542, val_ppl=12.86
2026-03-28 10:29:23 INFO generator.run.generator.training: Epoch 2: train_loss=2.5621, val_loss=2.5360, val_ppl=12.63
2026-03-28 10:44:44 INFO generator.run.generator.training: Epoch 3: train_loss=2.5498, val_loss=2.5305, val_ppl=12.56
2026-03-28 11:04:20 INFO generator.run.generator.training: Epoch 4: train_loss=2.5428, val_loss=2.5256, val_ppl=12.50
2026-03-28 11:26:35 INFO generator.run.generator.training: Epoch 5: train_loss=2.5383, val_loss=2.5209, val_ppl=12.44
2026-03-28 11:37:01 INFO generator.run.generator.training: Epoch 6: train_loss=2.5345, val_loss=2.5164, val_ppl=12.38
2026-03-28 11:47:35 INFO generator.run.generator.training: Epoch 7: train_loss=2.5317, val_loss=2.5128, val_ppl=12.34
2026-03-28 11:58:00 INFO generator.run.generator.training: Epoch 8: train_loss=2.5291, val_loss=2.5104, val_ppl=12.31
2026-03-28 12:08:35 INFO generator.run.generator.training: Epoch 9: train_loss=2.5269, val_loss=2.5098, val_ppl=12.30
2026-03-28 12:19:30 INFO generator.run.generator.training: Epoch 10: train_loss=2.5249, val_loss=2.5057, val_ppl=12.25
2026-03-28 12:30:42 INFO generator.run.generator.training: Epoch 11: train_loss=2.5228, val_loss=2.5036, val_ppl=12.23
2026-03-28 12:41:21 INFO generator.run.generator.training: Epoch 12: train_loss=2.5210, val_loss=2.5027, val_ppl=12.22
2026-03-28 12:51:35 INFO generator.run.generator.training: Epoch 13: train_loss=2.5189, val_loss=2.4981, val_ppl=12.16
2026-03-28 13:02:35 INFO generator.run.generator.training: Epoch 14: train_loss=2.5170, val_loss=2.4968, val_ppl=12.14
2026-03-28 13:14:24 INFO generator.run.generator.training: Epoch 15: train_loss=2.5152, val_loss=2.4939, val_ppl=12.11
2026-03-28 13:24:43 INFO generator.run.generator.training: Epoch 16: train_loss=2.5134, val_loss=2.4912, val_ppl=12.08
2026-03-28 13:35:23 INFO generator.run.generator.training: Epoch 17: train_loss=2.5114, val_loss=2.4894, val_ppl=12.05
2026-03-28 13:46:03 INFO generator.run.generator.training: Epoch 18: train_loss=2.5095, val_loss=2.4885, val_ppl=12.04
2026-03-28 13:56:39 INFO generator.run.generator.training: Epoch 19: train_loss=2.5076, val_loss=2.4818, val_ppl=11.96
2026-03-28 14:07:12 INFO generator.run.generator.training: Epoch 20: train_loss=2.5056, val_loss=2.4826, val_ppl=11.97
2026-03-28 14:17:44 INFO generator.run.generator.training: Epoch 21: train_loss=2.5036, val_loss=2.4779, val_ppl=11.92
2026-03-28 14:28:19 INFO generator.run.generator.training: Epoch 22: train_loss=2.5018, val_loss=2.4777, val_ppl=11.91
2026-03-28 14:38:57 INFO generator.run.generator.training: Epoch 23: train_loss=2.4996, val_loss=2.4743, val_ppl=11.87
2026-03-28 14:49:31 INFO generator.run.generator.training: Epoch 24: train_loss=2.4977, val_loss=2.4717, val_ppl=11.84
2026-03-28 15:00:07 INFO generator.run.generator.training: Epoch 25: train_loss=2.4956, val_loss=2.4673, val_ppl=11.79
2026-03-28 15:10:42 INFO generator.run.generator.training: Epoch 26: train_loss=2.4936, val_loss=2.4663, val_ppl=11.78
2026-03-28 15:21:22 INFO generator.run.generator.training: Epoch 27: train_loss=2.4913, val_loss=2.4633, val_ppl=11.74
2026-03-28 15:31:59 INFO generator.run.generator.training: Epoch 28: train_loss=2.4896, val_loss=2.4610, val_ppl=11.72
2026-03-28 15:43:14 INFO generator.run.generator.training: Epoch 29: train_loss=2.4873, val_loss=2.4572, val_ppl=11.67
2026-03-28 15:53:55 INFO generator.run.generator.training: Epoch 30: train_loss=2.4849, val_loss=2.4552, val_ppl=11.65
2026-03-28 16:04:39 INFO generator.run.generator.training: Epoch 31: train_loss=2.4830, val_loss=2.4518, val_ppl=11.61
2026-03-28 16:16:44 INFO generator.run.generator.training: Epoch 32: train_loss=2.4810, val_loss=2.4506, val_ppl=11.60
2026-03-28 16:28:53 INFO generator.run.generator.training: Epoch 33: train_loss=2.4791, val_loss=2.4465, val_ppl=11.55
2026-03-28 16:42:08 INFO generator.run.generator.training: Epoch 34: train_loss=2.4769, val_loss=2.4432, val_ppl=11.51
2026-03-28 16:53:53 INFO generator.run.generator.training: Epoch 35: train_loss=2.4749, val_loss=2.4404, val_ppl=11.48
2026-03-28 17:04:51 INFO generator.run.generator.training: Epoch 36: train_loss=2.4733, val_loss=2.4394, val_ppl=11.47
2026-03-28 17:16:41 INFO generator.run.generator.training: Epoch 37: train_loss=2.4714, val_loss=2.4378, val_ppl=11.45
2026-03-28 17:28:18 INFO generator.run.generator.training: Epoch 38: train_loss=2.4697, val_loss=2.4332, val_ppl=11.39
2026-03-28 17:39:36 INFO generator.run.generator.training: Epoch 39: train_loss=2.4679, val_loss=2.4322, val_ppl=11.38
2026-03-28 17:49:56 INFO generator.run.generator.training: Epoch 40: train_loss=2.4665, val_loss=2.4300, val_ppl=11.36
2026-03-28 18:02:04 INFO generator.run.generator.training: Epoch 41: train_loss=2.4647, val_loss=2.4288, val_ppl=11.34
2026-03-28 18:13:58 INFO generator.run.generator.training: Epoch 42: train_loss=2.4634, val_loss=2.4264, val_ppl=11.32
2026-03-28 18:27:10 INFO generator.run.generator.training: Epoch 43: train_loss=2.4623, val_loss=2.4251, val_ppl=11.30
2026-03-28 18:39:30 INFO generator.run.generator.training: Epoch 44: train_loss=2.4613, val_loss=2.4241, val_ppl=11.29
2026-03-28 18:50:30 INFO generator.run.generator.training: Epoch 45: train_loss=2.4604, val_loss=2.4230, val_ppl=11.28
2026-03-28 19:02:15 INFO generator.run.generator.training: Epoch 46: train_loss=2.4596, val_loss=2.4222, val_ppl=11.27
2026-03-28 19:13:21 INFO generator.run.generator.training: Epoch 47: train_loss=2.4590, val_loss=2.4222, val_ppl=11.27
2026-03-28 19:24:48 INFO generator.run.generator.training: Epoch 48: train_loss=2.4586, val_loss=2.4216, val_ppl=11.26
2026-03-28 19:35:37 INFO generator.run.generator.training: Epoch 49: train_loss=2.4581, val_loss=2.4215, val_ppl=11.26
2026-03-28 19:47:04 INFO generator.run.generator.training: Epoch 50: train_loss=2.4579, val_loss=2.4215, val_ppl=11.26
2026-03-28 19:58:01 INFO generator.run.generator.pipeline: Finished training AR model