2026-03-23 10:02:24 INFO generator.run.generator.pipeline: Using device: mps
2026-03-23 10:02:24 INFO generator.run.generator.pipeline: Run ID: 20260323_100221
2026-03-23 10:02:24 INFO generator.run.generator.pipeline: Loading data from data_processing/data/iedb.npz...
2026-03-23 10:02:30 INFO generator.run.generator.pipeline: Loaded 131 peptides
2026-03-23 10:02:30 INFO generator.run.generator.pipeline: Unique alleles: 121
2026-03-23 10:02:31 INFO generator.run.generator.pipeline: Loading pre-trained AR model from outputs/generator_no_xai_ablation_20260323_0637/20260323_063426/ar_model.pt...
2026-03-23 10:02:37 INFO generator.run.generator.pipeline: Loading predictor (NetMHCpan 4.2)...
2026-03-23 10:02:37 INFO generator.run.generator.scoring.scoring_wrapper: PredictorWrapper: using NetMHCpan at /Users/pranavipanduga/Downloads/netMHCpan-4.2/Darwin_arm64/bin/netMHCpan-4.2
2026-03-23 10:02:37 INFO generator.run.generator.pipeline: Using uniform position weights (without SHAP)...
2026-03-23 10:02:38 INFO generator.run.generator.pipeline: Position weights: [0.091 0.091 0.091 0.091 0.091 0.091 0.091 0.091 0.091 0.091 0.091]
2026-03-23 10:02:38 INFO generator.run.generator.pipeline: ============================================================
2026-03-23 10:02:38 INFO generator.run.generator.pipeline: Generating for HLA-A*02:01
2026-03-23 10:02:38 INFO generator.run.generator.pipeline: ============================================================
2026-03-23 10:02:38 INFO generator.run.generator.pipeline: Length weights: 8:1,9:6,10:2,11:1
2026-03-23 10:02:38 INFO generator.run.generator.pipeline: Candidate length mix: {8: 0.1, 9: 0.6, 10: 0.2, 11: 0.1}
2026-03-23 10:02:38 INFO generator.run.generator.pipeline: [1/4] Generating candidate peptides...
2026-03-23 10:04:39 INFO generator.run.generator.training: Generated 496 unique peptides for HLA-A*02:01
2026-03-23 10:04:39 INFO generator.run.generator.pipeline: Generated 496 unique candidates
2026-03-23 10:04:39 INFO generator.run.generator.pipeline: [2/4] Scoring candidates with predictor...
2026-03-23 10:04:48 INFO generator.run.generator.pipeline: Top-10 scores: -0.4941 +/- 0.0969
2026-03-23 10:04:48 INFO generator.run.generator.pipeline: [3/4] Refining top candidates without SHAP guidance...
2026-03-23 10:04:48 INFO generator.run.generator.refinement_loop.loop: Scoring 200 candidates...
2026-03-23 10:15:20 INFO generator.run.generator.pipeline: Improved 196/200 candidates through refinement
2026-03-23 10:15:20 INFO generator.run.generator.pipeline: Uniqueness: 496/496 (100.0%)
2026-03-23 10:15:20 INFO generator.run.generator.pipeline: Duplicates: 0 -> 0
2026-03-23 10:15:20 INFO generator.run.generator.pipeline: [4/4] Selecting final diverse set...
2026-03-23 10:15:20 INFO generator.run.generator.pipeline: Final length quotas: {8: 5, 9: 30, 10: 10, 11: 5}
2026-03-23 10:15:21 INFO generator.run.generator.selection.diversity: min_dist=6: {8: 5, 9: 30, 10: 10, 11: 5} (target: {8: 5, 9: 30, 10: 10, 11: 5})
2026-03-23 10:15:21 INFO generator.run.generator.pipeline: Final selection: 50 peptides
2026-03-23 10:15:21 INFO generator.run.generator.pipeline: Score: -0.7623 +/- 0.8775
2026-03-23 10:15:21 INFO generator.run.generator.pipeline: Avg pairwise edit distance: 7.73
2026-03-23 10:15:21 INFO generator.run.generator.pipeline: Length distribution: {9: 30, 10: 10, 8: 5, 11: 5}
2026-03-23 10:15:21 INFO generator.run.generator.pipeline: Novelty: mean NN dist=9.40, median=9.0, min=9, exact_matches=0
2026-03-23 10:15:21 INFO generator.run.generator.utils: Saved 50 peptides to outputs/iedb_expanded_panel_without_shap_20260323/20260323_100221/HLA-A_02_01/final_peptides_div.csv
2026-03-23 10:15:21 INFO generator.run.generator.utils: Saved 50 peptides to outputs/iedb_expanded_panel_without_shap_20260323/20260323_100221/HLA-A_02_01/final_peptides_nodiv.csv
2026-03-23 10:15:21 INFO generator.run.generator.pipeline: ============================================================
2026-03-23 10:15:21 INFO generator.run.generator.pipeline: Generating for HLA-A*03:01
2026-03-23 10:15:21 INFO generator.run.generator.pipeline: ============================================================
2026-03-23 10:15:21 INFO generator.run.generator.pipeline: Length weights: 8:1,9:6,10:2,11:1
2026-03-23 10:15:21 INFO generator.run.generator.pipeline: Candidate length mix: {8: 0.1, 9: 0.6, 10: 0.2, 11: 0.1}
2026-03-23 10:15:21 INFO generator.run.generator.pipeline: [1/4] Generating candidate peptides...
2026-03-23 10:16:07 INFO generator.run.generator.training: Generated 496 unique peptides for HLA-A*03:01
2026-03-23 10:16:07 INFO generator.run.generator.pipeline: Generated 496 unique candidates
2026-03-23 10:16:07 INFO generator.run.generator.pipeline: [2/4] Scoring candidates with predictor...
2026-03-23 10:16:13 INFO generator.run.generator.pipeline: Top-10 scores: -0.7773 +/- 0.0750
2026-03-23 10:16:13 INFO generator.run.generator.pipeline: [3/4] Refining top candidates without SHAP guidance...
2026-03-23 10:16:13 INFO generator.run.generator.refinement_loop.loop: Scoring 200 candidates...
2026-03-23 10:27:37 INFO generator.run.generator.pipeline: Improved 200/200 candidates through refinement
2026-03-23 10:27:37 INFO generator.run.generator.pipeline: Uniqueness: 496/496 (100.0%)
2026-03-23 10:27:37 INFO generator.run.generator.pipeline: Duplicates: 0 -> 0
2026-03-23 10:27:37 INFO generator.run.generator.pipeline: [4/4] Selecting final diverse set...
2026-03-23 10:27:37 INFO generator.run.generator.pipeline: Final length quotas: {8: 5, 9: 30, 10: 10, 11: 5}
2026-03-23 10:27:38 INFO generator.run.generator.selection.diversity: min_dist=6: {8: 5, 9: 30, 10: 10, 11: 5} (target: {8: 5, 9: 30, 10: 10, 11: 5})
2026-03-23 10:27:38 INFO generator.run.generator.pipeline: Final selection: 50 peptides
2026-03-23 10:27:38 INFO generator.run.generator.pipeline: Score: -1.1425 +/- 0.8113
2026-03-23 10:27:38 INFO generator.run.generator.pipeline: Avg pairwise edit distance: 7.55
2026-03-23 10:27:38 INFO generator.run.generator.pipeline: Length distribution: {9: 30, 10: 10, 8: 5, 11: 5}
2026-03-23 10:27:38 INFO generator.run.generator.pipeline: Novelty: mean NN dist=9.40, median=9.0, min=9, exact_matches=0
2026-03-23 10:27:38 INFO generator.run.generator.utils: Saved 50 peptides to outputs/iedb_expanded_panel_without_shap_20260323/20260323_100221/HLA-A_03_01/final_peptides_div.csv
2026-03-23 10:27:38 INFO generator.run.generator.utils: Saved 50 peptides to outputs/iedb_expanded_panel_without_shap_20260323/20260323_100221/HLA-A_03_01/final_peptides_nodiv.csv
2026-03-23 10:27:38 INFO generator.run.generator.pipeline: ============================================================
2026-03-23 10:27:38 INFO generator.run.generator.pipeline: Generating for HLA-A*24:02
2026-03-23 10:27:38 INFO generator.run.generator.pipeline: ============================================================
2026-03-23 10:27:38 INFO generator.run.generator.pipeline: Length weights: 8:1,9:6,10:2,11:1
2026-03-23 10:27:38 INFO generator.run.generator.pipeline: Candidate length mix: {8: 0.1, 9: 0.6, 10: 0.2, 11: 0.1}
2026-03-23 10:27:38 INFO generator.run.generator.pipeline: [1/4] Generating candidate peptides...
2026-03-23 10:28:29 INFO generator.run.generator.training: Generated 496 unique peptides for HLA-A*24:02
2026-03-23 10:28:29 INFO generator.run.generator.pipeline: Generated 496 unique candidates
2026-03-23 10:28:29 INFO generator.run.generator.pipeline: [2/4] Scoring candidates with predictor...
2026-03-23 10:28:35 INFO generator.run.generator.pipeline: Top-10 scores: -0.6894 +/- 0.0796
2026-03-23 10:28:35 INFO generator.run.generator.pipeline: [3/4] Refining top candidates without SHAP guidance...
2026-03-23 10:28:35 INFO generator.run.generator.refinement_loop.loop: Scoring 200 candidates...
2026-03-23 10:37:43 INFO generator.run.generator.pipeline: Improved 200/200 candidates through refinement
2026-03-23 10:37:43 INFO generator.run.generator.pipeline: Uniqueness: 496/496 (100.0%)
2026-03-23 10:37:43 INFO generator.run.generator.pipeline: Duplicates: 0 -> 0
2026-03-23 10:37:43 INFO generator.run.generator.pipeline: [4/4] Selecting final diverse set...
2026-03-23 10:37:43 INFO generator.run.generator.pipeline: Final length quotas: {8: 5, 9: 30, 10: 10, 11: 5}
2026-03-23 10:37:43 INFO generator.run.generator.selection.diversity: min_dist=6: {8: 5, 9: 30, 10: 10, 11: 5} (target: {8: 5, 9: 30, 10: 10, 11: 5})
2026-03-23 10:37:43 INFO generator.run.generator.pipeline: Final selection: 50 peptides
2026-03-23 10:37:43 INFO generator.run.generator.pipeline: Score: -1.0870 +/- 0.9242
2026-03-23 10:37:43 INFO generator.run.generator.pipeline: Avg pairwise edit distance: 7.48
2026-03-23 10:37:43 INFO generator.run.generator.pipeline: Length distribution: {9: 30, 10: 10, 8: 5, 11: 5}
2026-03-23 10:37:43 INFO generator.run.generator.pipeline: Novelty: mean NN dist=9.40, median=9.0, min=9, exact_matches=0
2026-03-23 10:37:43 INFO generator.run.generator.utils: Saved 50 peptides to outputs/iedb_expanded_panel_without_shap_20260323/20260323_100221/HLA-A_24_02/final_peptides_div.csv
2026-03-23 10:37:43 INFO generator.run.generator.utils: Saved 50 peptides to outputs/iedb_expanded_panel_without_shap_20260323/20260323_100221/HLA-A_24_02/final_peptides_nodiv.csv
2026-03-23 10:37:44 INFO generator.run.generator.pipeline: ============================================================
2026-03-23 10:37:44 INFO generator.run.generator.pipeline: Generating for HLA-B*07:02
2026-03-23 10:37:44 INFO generator.run.generator.pipeline: ============================================================
2026-03-23 10:37:44 INFO generator.run.generator.pipeline: Length weights: 8:1,9:6,10:2,11:1
2026-03-23 10:37:44 INFO generator.run.generator.pipeline: Candidate length mix: {8: 0.1, 9: 0.6, 10: 0.2, 11: 0.1}
2026-03-23 10:37:44 INFO generator.run.generator.pipeline: [1/4] Generating candidate peptides...
2026-03-23 10:38:10 INFO generator.run.generator.training: Generated 496 unique peptides for HLA-B*07:02
2026-03-23 10:38:10 INFO generator.run.generator.pipeline: Generated 496 unique candidates
2026-03-23 10:38:10 INFO generator.run.generator.pipeline: [2/4] Scoring candidates with predictor...
2026-03-23 10:38:15 INFO generator.run.generator.pipeline: Top-10 scores: -0.3950 +/- 0.0354
2026-03-23 10:38:15 INFO generator.run.generator.pipeline: [3/4] Refining top candidates without SHAP guidance...
2026-03-23 10:38:15 INFO generator.run.generator.refinement_loop.loop: Scoring 200 candidates...
2026-03-23 10:45:35 INFO generator.run.generator.pipeline: Improved 190/200 candidates through refinement
2026-03-23 10:45:35 INFO generator.run.generator.pipeline: Uniqueness: 496/496 (100.0%)
2026-03-23 10:45:35 INFO generator.run.generator.pipeline: Duplicates: 0 -> 0
2026-03-23 10:45:35 INFO generator.run.generator.pipeline: [4/4] Selecting final diverse set...
2026-03-23 10:45:35 INFO generator.run.generator.pipeline: Final length quotas: {8: 5, 9: 30, 10: 10, 11: 5}
2026-03-23 10:45:35 INFO generator.run.generator.selection.diversity: min_dist=6: {8: 3, 9: 30, 10: 10, 11: 5} (target: {8: 5, 9: 30, 10: 10, 11: 5})
2026-03-23 10:45:35 INFO generator.run.generator.selection.diversity: min_dist=5: {8: 5, 9: 30, 10: 10, 11: 5} (target: {8: 5, 9: 30, 10: 10, 11: 5})
2026-03-23 10:45:35 INFO generator.run.generator.pipeline: Final selection: 50 peptides
2026-03-23 10:45:35 INFO generator.run.generator.pipeline: Score: -1.2134 +/- 0.9863
2026-03-23 10:45:35 INFO generator.run.generator.pipeline: Avg pairwise edit distance: 7.34
2026-03-23 10:45:35 INFO generator.run.generator.pipeline: Length distribution: {9: 30, 10: 10, 8: 5, 11: 5}
2026-03-23 10:45:35 INFO generator.run.generator.pipeline: Novelty: mean NN dist=9.40, median=9.0, min=9, exact_matches=0
2026-03-23 10:45:35 INFO generator.run.generator.utils: Saved 50 peptides to outputs/iedb_expanded_panel_without_shap_20260323/20260323_100221/HLA-B_07_02/final_peptides_div.csv
2026-03-23 10:45:35 INFO generator.run.generator.utils: Saved 50 peptides to outputs/iedb_expanded_panel_without_shap_20260323/20260323_100221/HLA-B_07_02/final_peptides_nodiv.csv
2026-03-23 10:45:35 INFO generator.run.generator.pipeline: ============================================================
2026-03-23 10:45:35 INFO generator.run.generator.pipeline: Generating for HLA-B*44:02
2026-03-23 10:45:35 INFO generator.run.generator.pipeline: ============================================================
2026-03-23 10:45:35 INFO generator.run.generator.pipeline: Length weights: 8:1,9:6,10:2,11:1
2026-03-23 10:45:35 INFO generator.run.generator.pipeline: Candidate length mix: {8: 0.1, 9: 0.6, 10: 0.2, 11: 0.1}
2026-03-23 10:45:35 INFO generator.run.generator.pipeline: [1/4] Generating candidate peptides...
2026-03-23 10:46:01 INFO generator.run.generator.training: Generated 496 unique peptides for HLA-B*44:02
2026-03-23 10:46:01 INFO generator.run.generator.pipeline: Generated 496 unique candidates
2026-03-23 10:46:01 INFO generator.run.generator.pipeline: [2/4] Scoring candidates with predictor...
2026-03-23 10:46:06 INFO generator.run.generator.pipeline: Top-10 scores: -0.7040 +/- 0.1131
2026-03-23 10:46:06 INFO generator.run.generator.pipeline: [3/4] Refining top candidates without SHAP guidance...
2026-03-23 10:46:06 INFO generator.run.generator.refinement_loop.loop: Scoring 200 candidates...
2026-03-23 10:53:35 INFO generator.run.generator.pipeline: Improved 196/200 candidates through refinement
2026-03-23 10:53:35 INFO generator.run.generator.pipeline: Uniqueness: 496/496 (100.0%)
2026-03-23 10:53:35 INFO generator.run.generator.pipeline: Duplicates: 0 -> 0
2026-03-23 10:53:35 INFO generator.run.generator.pipeline: [4/4] Selecting final diverse set...
2026-03-23 10:53:35 INFO generator.run.generator.pipeline: Final length quotas: {8: 5, 9: 30, 10: 10, 11: 5}
2026-03-23 10:53:35 INFO generator.run.generator.selection.diversity: min_dist=6: {8: 5, 9: 30, 10: 10, 11: 5} (target: {8: 5, 9: 30, 10: 10, 11: 5})
2026-03-23 10:53:35 INFO generator.run.generator.pipeline: Final selection: 50 peptides
2026-03-23 10:53:35 INFO generator.run.generator.pipeline: Score: -1.2356 +/- 0.8194
2026-03-23 10:53:35 INFO generator.run.generator.pipeline: Avg pairwise edit distance: 7.37
2026-03-23 10:53:35 INFO generator.run.generator.pipeline: Length distribution: {9: 30, 10: 10, 8: 5, 11: 5}
2026-03-23 10:53:35 INFO generator.run.generator.pipeline: Novelty: mean NN dist=9.40, median=9.0, min=9, exact_matches=0
2026-03-23 10:53:35 INFO generator.run.generator.utils: Saved 50 peptides to outputs/iedb_expanded_panel_without_shap_20260323/20260323_100221/HLA-B_44_02/final_peptides_div.csv
2026-03-23 10:53:35 INFO generator.run.generator.utils: Saved 50 peptides to outputs/iedb_expanded_panel_without_shap_20260323/20260323_100221/HLA-B_44_02/final_peptides_nodiv.csv
2026-03-23 10:53:35 INFO generator.run.generator.pipeline: ============================================================
2026-03-23 10:53:35 INFO generator.run.generator.pipeline: Generating for HLA-B*57:01
2026-03-23 10:53:35 INFO generator.run.generator.pipeline: ============================================================
2026-03-23 10:53:35 INFO generator.run.generator.pipeline: Length weights: 8:1,9:6,10:2,11:1
2026-03-23 10:53:35 INFO generator.run.generator.pipeline: Candidate length mix: {8: 0.1, 9: 0.6, 10: 0.2, 11: 0.1}
2026-03-23 10:53:35 INFO generator.run.generator.pipeline: [1/4] Generating candidate peptides...
2026-03-23 10:54:04 INFO generator.run.generator.training: Generated 496 unique peptides for HLA-B*57:01
2026-03-23 10:54:04 INFO generator.run.generator.pipeline: Generated 496 unique candidates
2026-03-23 10:54:04 INFO generator.run.generator.pipeline: [2/4] Scoring candidates with predictor...
2026-03-23 10:54:10 INFO generator.run.generator.pipeline: Top-10 scores: -0.6926 +/- 0.0311
2026-03-23 10:54:10 INFO generator.run.generator.pipeline: [3/4] Refining top candidates without SHAP guidance...
2026-03-23 10:54:10 INFO generator.run.generator.refinement_loop.loop: Scoring 200 candidates...
2026-03-23 11:01:28 INFO generator.run.generator.pipeline: Improved 196/200 candidates through refinement
2026-03-23 11:01:28 INFO generator.run.generator.pipeline: Uniqueness: 496/496 (100.0%)
2026-03-23 11:01:28 INFO generator.run.generator.pipeline: Duplicates: 0 -> 0
2026-03-23 11:01:28 INFO generator.run.generator.pipeline: [4/4] Selecting final diverse set...
2026-03-23 11:01:28 INFO generator.run.generator.pipeline: Final length quotas: {8: 5, 9: 30, 10: 10, 11: 5}
2026-03-23 11:01:28 INFO generator.run.generator.selection.diversity: min_dist=6: {8: 5, 9: 30, 10: 10, 11: 5} (target: {8: 5, 9: 30, 10: 10, 11: 5})
2026-03-23 11:01:28 INFO generator.run.generator.pipeline: Final selection: 50 peptides
2026-03-23 11:01:28 INFO generator.run.generator.pipeline: Score: -0.9863 +/- 0.5979
2026-03-23 11:01:28 INFO generator.run.generator.pipeline: Avg pairwise edit distance: 7.68
2026-03-23 11:01:28 INFO generator.run.generator.pipeline: Length distribution: {9: 30, 10: 10, 8: 5, 11: 5}
2026-03-23 11:01:28 INFO generator.run.generator.pipeline: Novelty: mean NN dist=9.24, median=9.0, min=8, exact_matches=0
2026-03-23 11:01:28 INFO generator.run.generator.utils: Saved 50 peptides to outputs/iedb_expanded_panel_without_shap_20260323/20260323_100221/HLA-B_57_01/final_peptides_div.csv
2026-03-23 11:01:29 INFO generator.run.generator.utils: Saved 50 peptides to outputs/iedb_expanded_panel_without_shap_20260323/20260323_100221/HLA-B_57_01/final_peptides_nodiv.csv
2026-03-23 11:01:29 INFO generator.run.generator.pipeline: ============================================================
2026-03-23 11:01:29 INFO generator.run.generator.pipeline: Generating for HLA-A*01:01
2026-03-23 11:01:29 INFO generator.run.generator.pipeline: ============================================================
2026-03-23 11:01:29 INFO generator.run.generator.pipeline: Length weights: 8:1,9:6,10:2,11:1
2026-03-23 11:01:29 INFO generator.run.generator.pipeline: Candidate length mix: {8: 0.1, 9: 0.6, 10: 0.2, 11: 0.1}
2026-03-23 11:01:29 INFO generator.run.generator.pipeline: [1/4] Generating candidate peptides...
2026-03-23 11:01:58 INFO generator.run.generator.training: Generated 496 unique peptides for HLA-A*01:01
2026-03-23 11:01:58 INFO generator.run.generator.pipeline: Generated 496 unique candidates
2026-03-23 11:01:58 INFO generator.run.generator.pipeline: [2/4] Scoring candidates with predictor...
2026-03-23 11:02:03 INFO generator.run.generator.pipeline: Top-10 scores: -0.6814 +/- 0.0502
2026-03-23 11:02:03 INFO generator.run.generator.pipeline: [3/4] Refining top candidates without SHAP guidance...
2026-03-23 11:02:03 INFO generator.run.generator.refinement_loop.loop: Scoring 200 candidates...
2026-03-23 11:08:58 INFO generator.run.generator.pipeline: Improved 196/200 candidates through refinement
2026-03-23 11:08:58 INFO generator.run.generator.pipeline: Uniqueness: 496/496 (100.0%)
2026-03-23 11:08:58 INFO generator.run.generator.pipeline: Duplicates: 0 -> 0
2026-03-23 11:08:58 INFO generator.run.generator.pipeline: [4/4] Selecting final diverse set...
2026-03-23 11:08:58 INFO generator.run.generator.pipeline: Final length quotas: {8: 5, 9: 30, 10: 10, 11: 5}
2026-03-23 11:08:58 INFO generator.run.generator.selection.diversity: min_dist=6: {8: 5, 9: 30, 10: 10, 11: 5} (target: {8: 5, 9: 30, 10: 10, 11: 5})
2026-03-23 11:08:58 INFO generator.run.generator.pipeline: Final selection: 50 peptides
2026-03-23 11:08:58 INFO generator.run.generator.pipeline: Score: -1.6991 +/- 1.1470
2026-03-23 11:08:58 INFO generator.run.generator.pipeline: Avg pairwise edit distance: 7.43
2026-03-23 11:08:58 INFO generator.run.generator.pipeline: Length distribution: {9: 30, 10: 10, 8: 5, 11: 5}
2026-03-23 11:08:58 INFO generator.run.generator.pipeline: Novelty: mean NN dist=9.40, median=9.0, min=9, exact_matches=0
2026-03-23 11:08:58 INFO generator.run.generator.utils: Saved 50 peptides to outputs/iedb_expanded_panel_without_shap_20260323/20260323_100221/HLA-A_01_01/final_peptides_div.csv
2026-03-23 11:08:59 INFO generator.run.generator.utils: Saved 50 peptides to outputs/iedb_expanded_panel_without_shap_20260323/20260323_100221/HLA-A_01_01/final_peptides_nodiv.csv
2026-03-23 11:08:59 INFO generator.run.generator.pipeline: ============================================================
2026-03-23 11:08:59 INFO generator.run.generator.pipeline: Generating for HLA-B*08:01
2026-03-23 11:08:59 INFO generator.run.generator.pipeline: ============================================================
2026-03-23 11:08:59 INFO generator.run.generator.pipeline: Length weights: 8:1,9:6,10:2,11:1
2026-03-23 11:08:59 INFO generator.run.generator.pipeline: Candidate length mix: {8: 0.1, 9: 0.6, 10: 0.2, 11: 0.1}
2026-03-23 11:08:59 INFO generator.run.generator.pipeline: [1/4] Generating candidate peptides...
2026-03-23 11:09:25 INFO generator.run.generator.training: Generated 496 unique peptides for HLA-B*08:01
2026-03-23 11:09:25 INFO generator.run.generator.pipeline: Generated 496 unique candidates
2026-03-23 11:09:25 INFO generator.run.generator.pipeline: [2/4] Scoring candidates with predictor...
2026-03-23 11:09:29 INFO generator.run.generator.pipeline: Top-10 scores: -0.4661 +/- 0.0717
2026-03-23 11:09:29 INFO generator.run.generator.pipeline: [3/4] Refining top candidates without SHAP guidance...
2026-03-23 11:09:29 INFO generator.run.generator.refinement_loop.loop: Scoring 200 candidates...
2026-03-23 11:15:51 INFO generator.run.generator.pipeline: Improved 188/200 candidates through refinement
2026-03-23 11:15:51 INFO generator.run.generator.pipeline: Uniqueness: 496/496 (100.0%)
2026-03-23 11:15:51 INFO generator.run.generator.pipeline: Duplicates: 0 -> 0
2026-03-23 11:15:51 INFO generator.run.generator.pipeline: [4/4] Selecting final diverse set...
2026-03-23 11:15:51 INFO generator.run.generator.pipeline: Final length quotas: {8: 5, 9: 30, 10: 10, 11: 5}
2026-03-23 11:15:51 INFO generator.run.generator.selection.diversity: min_dist=6: {8: 5, 9: 30, 10: 10, 11: 5} (target: {8: 5, 9: 30, 10: 10, 11: 5})
2026-03-23 11:15:51 INFO generator.run.generator.pipeline: Final selection: 50 peptides
2026-03-23 11:15:51 INFO generator.run.generator.pipeline: Score: -1.7423 +/- 0.8690
2026-03-23 11:15:51 INFO generator.run.generator.pipeline: Avg pairwise edit distance: 7.87
2026-03-23 11:15:51 INFO generator.run.generator.pipeline: Length distribution: {9: 30, 10: 10, 8: 5, 11: 5}
2026-03-23 11:15:51 INFO generator.run.generator.pipeline: Novelty: mean NN dist=9.40, median=9.0, min=9, exact_matches=0
2026-03-23 11:15:51 INFO generator.run.generator.utils: Saved 50 peptides to outputs/iedb_expanded_panel_without_shap_20260323/20260323_100221/HLA-B_08_01/final_peptides_div.csv
2026-03-23 11:15:51 INFO generator.run.generator.utils: Saved 50 peptides to outputs/iedb_expanded_panel_without_shap_20260323/20260323_100221/HLA-B_08_01/final_peptides_nodiv.csv
2026-03-23 11:15:51 INFO generator.run.generator.pipeline: ============================================================
2026-03-23 11:15:51 INFO generator.run.generator.pipeline: Generating for HLA-B*27:05
2026-03-23 11:15:51 INFO generator.run.generator.pipeline: ============================================================
2026-03-23 11:15:51 INFO generator.run.generator.pipeline: Length weights: 8:1,9:6,10:2,11:1
2026-03-23 11:15:51 INFO generator.run.generator.pipeline: Candidate length mix: {8: 0.1, 9: 0.6, 10: 0.2, 11: 0.1}
2026-03-23 11:15:51 INFO generator.run.generator.pipeline: [1/4] Generating candidate peptides...
2026-03-23 11:16:18 INFO generator.run.generator.training: Generated 496 unique peptides for HLA-B*27:05
2026-03-23 11:16:18 INFO generator.run.generator.pipeline: Generated 496 unique candidates
2026-03-23 11:16:18 INFO generator.run.generator.pipeline: [2/4] Scoring candidates with predictor...
2026-03-23 11:16:23 INFO generator.run.generator.pipeline: Top-10 scores: -1.1916 +/- 0.1164
2026-03-23 11:16:23 INFO generator.run.generator.pipeline: [3/4] Refining top candidates without SHAP guidance...
2026-03-23 11:16:23 INFO generator.run.generator.refinement_loop.loop: Scoring 200 candidates...
2026-03-23 11:23:49 INFO generator.run.generator.pipeline: Improved 200/200 candidates through refinement
2026-03-23 11:23:49 INFO generator.run.generator.pipeline: Uniqueness: 496/496 (100.0%)
2026-03-23 11:23:49 INFO generator.run.generator.pipeline: Duplicates: 0 -> 0
2026-03-23 11:23:49 INFO generator.run.generator.pipeline: [4/4] Selecting final diverse set...
2026-03-23 11:23:49 INFO generator.run.generator.pipeline: Final length quotas: {8: 5, 9: 30, 10: 10, 11: 5}
2026-03-23 11:23:49 INFO generator.run.generator.selection.diversity: min_dist=6: {8: 5, 9: 30, 10: 10, 11: 5} (target: {8: 5, 9: 30, 10: 10, 11: 5})
2026-03-23 11:23:49 INFO generator.run.generator.pipeline: Final selection: 50 peptides
2026-03-23 11:23:49 INFO generator.run.generator.pipeline: Score: -1.3729 +/- 0.7690
2026-03-23 11:23:49 INFO generator.run.generator.pipeline: Avg pairwise edit distance: 7.58
2026-03-23 11:23:49 INFO generator.run.generator.pipeline: Length distribution: {9: 30, 10: 10, 8: 5, 11: 5}
2026-03-23 11:23:49 INFO generator.run.generator.pipeline: Novelty: mean NN dist=9.40, median=9.0, min=9, exact_matches=0
2026-03-23 11:23:49 INFO generator.run.generator.utils: Saved 50 peptides to outputs/iedb_expanded_panel_without_shap_20260323/20260323_100221/HLA-B_27_05/final_peptides_div.csv
2026-03-23 11:23:49 INFO generator.run.generator.utils: Saved 50 peptides to outputs/iedb_expanded_panel_without_shap_20260323/20260323_100221/HLA-B_27_05/final_peptides_nodiv.csv
2026-03-23 11:23:49 INFO generator.run.generator.pipeline: ============================================================
2026-03-23 11:23:49 INFO generator.run.generator.pipeline: Generating for HLA-B*58:01
2026-03-23 11:23:49 INFO generator.run.generator.pipeline: ============================================================
2026-03-23 11:23:49 INFO generator.run.generator.pipeline: Length weights: 8:1,9:6,10:2,11:1
2026-03-23 11:23:49 INFO generator.run.generator.pipeline: Candidate length mix: {8: 0.1, 9: 0.6, 10: 0.2, 11: 0.1}
2026-03-23 11:23:49 INFO generator.run.generator.pipeline: [1/4] Generating candidate peptides...
2026-03-23 11:24:12 INFO generator.run.generator.training: Generated 496 unique peptides for HLA-B*58:01
2026-03-23 11:24:12 INFO generator.run.generator.pipeline: Generated 496 unique candidates
2026-03-23 11:24:12 INFO generator.run.generator.pipeline: [2/4] Scoring candidates with predictor...
2026-03-23 11:24:17 INFO generator.run.generator.pipeline: Top-10 scores: -0.3845 +/- 0.0230
2026-03-23 11:24:17 INFO generator.run.generator.pipeline: [3/4] Refining top candidates without SHAP guidance...
2026-03-23 11:24:17 INFO generator.run.generator.refinement_loop.loop: Scoring 200 candidates...
2026-03-23 11:31:40 INFO generator.run.generator.pipeline: Improved 195/200 candidates through refinement
2026-03-23 11:31:40 INFO generator.run.generator.pipeline: Uniqueness: 496/496 (100.0%)
2026-03-23 11:31:40 INFO generator.run.generator.pipeline: Duplicates: 0 -> 0
2026-03-23 11:31:40 INFO generator.run.generator.pipeline: [4/4] Selecting final diverse set...
2026-03-23 11:31:40 INFO generator.run.generator.pipeline: Final length quotas: {8: 5, 9: 30, 10: 10, 11: 5}
2026-03-23 11:31:40 INFO generator.run.generator.selection.diversity: min_dist=6: {8: 5, 9: 30, 10: 10, 11: 5} (target: {8: 5, 9: 30, 10: 10, 11: 5})
2026-03-23 11:31:40 INFO generator.run.generator.pipeline: Final selection: 50 peptides
2026-03-23 11:31:40 INFO generator.run.generator.pipeline: Score: -0.7823 +/- 0.5681
2026-03-23 11:31:40 INFO generator.run.generator.pipeline: Avg pairwise edit distance: 7.63
2026-03-23 11:31:40 INFO generator.run.generator.pipeline: Length distribution: {9: 30, 10: 10, 8: 5, 11: 5}
2026-03-23 11:31:40 INFO generator.run.generator.pipeline: Novelty: mean NN dist=9.40, median=9.0, min=9, exact_matches=0
2026-03-23 11:31:40 INFO generator.run.generator.utils: Saved 50 peptides to outputs/iedb_expanded_panel_without_shap_20260323/20260323_100221/HLA-B_58_01/final_peptides_div.csv
2026-03-23 11:31:40 INFO generator.run.generator.utils: Saved 50 peptides to outputs/iedb_expanded_panel_without_shap_20260323/20260323_100221/HLA-B_58_01/final_peptides_nodiv.csv
2026-03-23 11:31:40 INFO generator.run.generator.utils: Run summary saved to outputs/iedb_expanded_panel_without_shap_20260323/20260323_100221/run_summary.json
2026-03-23 11:31:40 INFO generator.run.generator.pipeline: ============================================================
2026-03-23 11:31:40 INFO generator.run.generator.pipeline: Generation complete!
2026-03-23 11:31:40 INFO generator.run.generator.pipeline: ============================================================
2026-03-23 11:31:40 INFO generator.run.generator.pipeline: Run ID: 20260323_100221
2026-03-23 11:31:40 INFO generator.run.generator.pipeline: Output directory: outputs/iedb_expanded_panel_without_shap_20260323/20260323_100221
2026-03-23 11:31:40 INFO generator.run.generator.pipeline: Alleles processed: 10
2026-03-23 11:31:40 INFO generator.run.generator.pipeline: Total peptides: 500
2026-03-23 11:31:40 INFO generator.run.generator.pipeline: Aggregate binding pass-rates (macro-avg over 10 alleles):
2026-03-23 11:31:40 INFO generator.run.generator.pipeline: %SB  (IC50 <= 50 nM): 76.2%
2026-03-23 11:31:40 INFO generator.run.generator.pipeline: %WB  (IC50 <= 500 nM): 89.8%
/Users/pranavipanduga/Documents/fyp/Epitote-HLA-Binding-Prediction-and-Design-1/generator/pipeline.py:429: FutureWarning: You are using `torch.load` with `weights_only=False` (the current default value), which uses the default pickle module implicitly. It is possible to construct malicious pickle data which will execute arbitrary code during unpickling (See https://github.com/pytorch/pytorch/blob/main/SECURITY.md#untrusted-models for more details). In a future release, the default value for `weights_only` will be flipped to `True`. This limits the functions that could be executed during unpickling. Arbitrary objects will no longer be allowed to be loaded via this mode unless they are explicitly allowlisted by the user via `torch.serialization.add_safe_globals`. We recommend you start setting `weights_only=True` for any use case where you don't have full control of the loaded file. Please open an issue on GitHub for any issues related to this experimental feature.
  state_dict = torch.load(args.ar_ckpt, map_location=device)

  Binding pass-rates for HLA-A*02:01 (50 peptides):
     %SB  (IC50 <= 50 nM):   90.0%  (45/50)
     %WB  (IC50 <= 500 nM):  92.0%  (46/50)
     Median affinity:        3.1 nM
     Mean score (-log10 nM): -0.762

  Binding pass-rates for HLA-A*03:01 (50 peptides):
     %SB  (IC50 <= 50 nM):   82.0%  (41/50)
     %WB  (IC50 <= 500 nM):  90.0%  (45/50)
     Median affinity:        6.5 nM
     Mean score (-log10 nM): -1.143

  Binding pass-rates for HLA-A*24:02 (50 peptides):
     %SB  (IC50 <= 50 nM):   80.0%  (40/50)
     %WB  (IC50 <= 500 nM):  90.0%  (45/50)
     Median affinity:        4.7 nM
     Mean score (-log10 nM): -1.087

  Binding pass-rates for HLA-B*07:02 (50 peptides):
     %SB  (IC50 <= 50 nM):   72.0%  (36/50)
     %WB  (IC50 <= 500 nM):  88.0%  (44/50)
     Median affinity:        5.2 nM
     Mean score (-log10 nM): -1.213

  Binding pass-rates for HLA-B*44:02 (50 peptides):
     %SB  (IC50 <= 50 nM):   78.0%  (39/50)
     %WB  (IC50 <= 500 nM):  92.0%  (46/50)
     Median affinity:        7.5 nM
     Mean score (-log10 nM): -1.236

  Binding pass-rates for HLA-B*57:01 (50 peptides):
     %SB  (IC50 <= 50 nM):   86.0%  (43/50)
     %WB  (IC50 <= 500 nM):  96.0%  (48/50)
     Median affinity:        5.7 nM
     Mean score (-log10 nM): -0.986

  Binding pass-rates for HLA-A*01:01 (50 peptides):
     %SB  (IC50 <= 50 nM):   62.0%  (31/50)
     %WB  (IC50 <= 500 nM):  74.0%  (37/50)
     Median affinity:        11.4 nM
     Mean score (-log10 nM): -1.699

  Binding pass-rates for HLA-B*08:01 (50 peptides):
     %SB  (IC50 <= 50 nM):   48.0%  (24/50)
     %WB  (IC50 <= 500 nM):  86.0%  (43/50)
     Median affinity:        105.7 nM
     Mean score (-log10 nM): -1.742

  Binding pass-rates for HLA-B*27:05 (50 peptides):
     %SB  (IC50 <= 50 nM):   74.0%  (37/50)
     %WB  (IC50 <= 500 nM):  90.0%  (45/50)
     Median affinity:        11.7 nM
     Mean score (-log10 nM): -1.373

  Binding pass-rates for HLA-B*58:01 (50 peptides):
     %SB  (IC50 <= 50 nM):   90.0%  (45/50)
     %WB  (IC50 <= 500 nM):  100.0%  (50/50)
     Median affinity:        2.9 nM
     Mean score (-log10 nM): -0.782
