2026-03-29 06:46:08 INFO generator.run.generator.pipeline: Using device: cuda
2026-03-29 06:46:08 INFO generator.run.generator.pipeline: Run ID: 20260329_064608
2026-03-29 06:46:08 INFO generator.run.generator.pipeline: Loading data from data_processing/data/mhc_class1_ms_balanced.npz...
2026-03-29 06:46:09 INFO generator.run.generator.pipeline: Loaded 636232 peptides
2026-03-29 06:46:09 INFO generator.run.generator.pipeline: Unique alleles: 211
2026-03-29 06:46:09 INFO generator.run.generator.pipeline: Using top 10 alleles by frequency: ['HLA-B*07:02', 'HLA-A*03:01', 'HLA-B*40:01', 'HLA-B*57:01', 'HLA-B*15:02', 'HLA-A*11:01', 'HLA-B*51:01', 'HLA-A*01:01', 'HLA-B*40:02', 'HLA-A*24:02']
2026-03-29 06:46:09 INFO generator.run.generator.pipeline: Training AR model (transformer)...
2026-03-29 06:46:09 INFO generator.run.generator.pipeline: Stratified split: train=572550, val=63682
2026-03-29 06:48:03 INFO generator.run.generator.training: Epoch 1: train_loss=2.6195, val_loss=2.5450, val_ppl=12.74
2026-03-29 06:49:37 INFO generator.run.generator.training: Epoch 2: train_loss=2.5561, val_loss=2.5290, val_ppl=12.54
2026-03-29 06:51:20 INFO generator.run.generator.training: Epoch 3: train_loss=2.5429, val_loss=2.5234, val_ppl=12.47
2026-03-29 06:52:54 INFO generator.run.generator.training: Epoch 4: train_loss=2.5350, val_loss=2.5106, val_ppl=12.31
2026-03-29 06:54:28 INFO generator.run.generator.training: Epoch 5: train_loss=2.5295, val_loss=2.5080, val_ppl=12.28
2026-03-29 06:56:02 INFO generator.run.generator.training: Epoch 6: train_loss=2.5254, val_loss=2.5058, val_ppl=12.25
2026-03-29 06:57:36 INFO generator.run.generator.training: Epoch 7: train_loss=2.5219, val_loss=2.5001, val_ppl=12.18
2026-03-29 06:59:10 INFO generator.run.generator.training: Epoch 8: train_loss=2.5188, val_loss=2.4963, val_ppl=12.14
2026-03-29 07:00:44 INFO generator.run.generator.training: Epoch 9: train_loss=2.5165, val_loss=2.4955, val_ppl=12.13
2026-03-29 07:02:18 INFO generator.run.generator.training: Epoch 10: train_loss=2.5137, val_loss=2.4942, val_ppl=12.11
2026-03-29 07:03:51 INFO generator.run.generator.training: Epoch 11: train_loss=2.5115, val_loss=2.4912, val_ppl=12.08
2026-03-29 07:05:25 INFO generator.run.generator.training: Epoch 12: train_loss=2.5092, val_loss=2.4874, val_ppl=12.03
2026-03-29 07:07:06 INFO generator.run.generator.training: Epoch 13: train_loss=2.5067, val_loss=2.4820, val_ppl=11.96
2026-03-29 07:08:39 INFO generator.run.generator.training: Epoch 14: train_loss=2.5046, val_loss=2.4797, val_ppl=11.94
2026-03-29 07:10:13 INFO generator.run.generator.training: Epoch 15: train_loss=2.5023, val_loss=2.4787, val_ppl=11.93
2026-03-29 07:11:47 INFO generator.run.generator.training: Epoch 16: train_loss=2.5001, val_loss=2.4760, val_ppl=11.89
2026-03-29 07:13:21 INFO generator.run.generator.training: Epoch 17: train_loss=2.4976, val_loss=2.4705, val_ppl=11.83
2026-03-29 07:14:55 INFO generator.run.generator.training: Epoch 18: train_loss=2.4954, val_loss=2.4681, val_ppl=11.80
2026-03-29 07:16:28 INFO generator.run.generator.training: Epoch 19: train_loss=2.4929, val_loss=2.4649, val_ppl=11.76
2026-03-29 07:18:02 INFO generator.run.generator.training: Epoch 20: train_loss=2.4903, val_loss=2.4599, val_ppl=11.70
2026-03-29 07:19:35 INFO generator.run.generator.training: Epoch 21: train_loss=2.4879, val_loss=2.4574, val_ppl=11.67
2026-03-29 07:21:09 INFO generator.run.generator.training: Epoch 22: train_loss=2.4856, val_loss=2.4538, val_ppl=11.63
2026-03-29 07:22:43 INFO generator.run.generator.training: Epoch 23: train_loss=2.4829, val_loss=2.4497, val_ppl=11.58
2026-03-29 07:24:16 INFO generator.run.generator.training: Epoch 24: train_loss=2.4806, val_loss=2.4462, val_ppl=11.54
2026-03-29 07:25:50 INFO generator.run.generator.training: Epoch 25: train_loss=2.4780, val_loss=2.4428, val_ppl=11.50
2026-03-29 07:27:24 INFO generator.run.generator.training: Epoch 26: train_loss=2.4754, val_loss=2.4391, val_ppl=11.46
2026-03-29 07:28:57 INFO generator.run.generator.training: Epoch 27: train_loss=2.4732, val_loss=2.4343, val_ppl=11.41
2026-03-29 07:30:31 INFO generator.run.generator.training: Epoch 28: train_loss=2.4706, val_loss=2.4318, val_ppl=11.38
2026-03-29 07:32:06 INFO generator.run.generator.training: Epoch 29: train_loss=2.4682, val_loss=2.4279, val_ppl=11.34
2026-03-29 07:33:41 INFO generator.run.generator.training: Epoch 30: train_loss=2.4655, val_loss=2.4246, val_ppl=11.30
2026-03-29 07:35:14 INFO generator.run.generator.training: Epoch 31: train_loss=2.4633, val_loss=2.4214, val_ppl=11.26
2026-03-29 07:36:48 INFO generator.run.generator.training: Epoch 32: train_loss=2.4608, val_loss=2.4178, val_ppl=11.22
2026-03-29 07:38:22 INFO generator.run.generator.training: Epoch 33: train_loss=2.4585, val_loss=2.4131, val_ppl=11.17
2026-03-29 07:39:56 INFO generator.run.generator.training: Epoch 34: train_loss=2.4563, val_loss=2.4127, val_ppl=11.16
2026-03-29 07:41:30 INFO generator.run.generator.training: Epoch 35: train_loss=2.4540, val_loss=2.4081, val_ppl=11.11
2026-03-29 07:43:05 INFO generator.run.generator.training: Epoch 36: train_loss=2.4519, val_loss=2.4066, val_ppl=11.10
2026-03-29 07:44:39 INFO generator.run.generator.training: Epoch 37: train_loss=2.4501, val_loss=2.4034, val_ppl=11.06
2026-03-29 07:46:13 INFO generator.run.generator.training: Epoch 38: train_loss=2.4479, val_loss=2.4006, val_ppl=11.03
2026-03-29 07:47:46 INFO generator.run.generator.training: Epoch 39: train_loss=2.4458, val_loss=2.3971, val_ppl=10.99
2026-03-29 07:49:19 INFO generator.run.generator.training: Epoch 40: train_loss=2.4441, val_loss=2.3956, val_ppl=10.98
2026-03-29 07:50:54 INFO generator.run.generator.training: Epoch 41: train_loss=2.4426, val_loss=2.3944, val_ppl=10.96
2026-03-29 07:52:27 INFO generator.run.generator.training: Epoch 42: train_loss=2.4412, val_loss=2.3929, val_ppl=10.95
2026-03-29 07:54:01 INFO generator.run.generator.training: Epoch 43: train_loss=2.4399, val_loss=2.3911, val_ppl=10.93
2026-03-29 07:55:34 INFO generator.run.generator.training: Epoch 44: train_loss=2.4387, val_loss=2.3895, val_ppl=10.91
2026-03-29 07:57:08 INFO generator.run.generator.training: Epoch 45: train_loss=2.4377, val_loss=2.3887, val_ppl=10.90
2026-03-29 07:58:42 INFO generator.run.generator.training: Epoch 46: train_loss=2.4370, val_loss=2.3876, val_ppl=10.89
2026-03-29 08:00:15 INFO generator.run.generator.training: Epoch 47: train_loss=2.4363, val_loss=2.3868, val_ppl=10.88
2026-03-29 08:01:48 INFO generator.run.generator.training: Epoch 48: train_loss=2.4354, val_loss=2.3868, val_ppl=10.88
2026-03-29 08:03:22 INFO generator.run.generator.training: Epoch 49: train_loss=2.4355, val_loss=2.3866, val_ppl=10.88
2026-03-29 08:04:56 INFO generator.run.generator.training: Epoch 50: train_loss=2.4354, val_loss=2.3865, val_ppl=10.88
2026-03-29 08:04:56 INFO generator.run.generator.training: Best validation perplexity: 10.88
2026-03-29 08:04:56 INFO generator.run.generator.training: Best validation epoch: 49
2026-03-29 08:04:56 INFO generator.run.generator.pipeline: AR model saved to outputs/generator_full_10alleles_20260328_1545/20260329_064608/ar_model.pt
2026-03-29 08:04:56 INFO generator.run.generator.checkpoints: Reusable AR preset saved to generator/checkpoints/ar_transformer_latest.pt
2026-03-29 08:04:56 INFO generator.run.generator.checkpoints: Preset metadata saved to generator/checkpoints/ar_transformer_latest.meta.json
2026-03-29 08:04:56 INFO generator.run.generator.checkpoints: Reuse later with: --ar_ckpt generator/checkpoints/ar_transformer_latest.pt
2026-03-29 08:04:56 INFO generator.run.generator.pipeline: Loading predictor (NetMHCpan 4.2)...
2026-03-29 08:04:56 INFO generator.run.generator.scoring.scoring_wrapper: PredictorWrapper: using NetMHCpan at /mnt/c/Users/adams/Epitote-HLA-Binding-Prediction-and-Design/netmhcpan4.2/netMHCpan-4.2/Linux_x86_64/bin/netMHCpan-4.2
2026-03-29 08:04:56 INFO generator.run.generator.scoring.scoring_wrapper: PredictorWrapper: NetMHCpan parallel jobs=1, batch_size=2000
2026-03-29 08:04:56 INFO generator.run.generator.pipeline: Loading SHAP importance weights...
2026-03-29 08:04:56 INFO generator.run.generator.refinement_loop.weights: Loaded average SHAP weights from outputs/explainer_full_10alleles_20260328_1545/shap_results.json
2026-03-29 08:04:56 INFO generator.run.generator.pipeline: Position weights: [0.122 0.132 0.144 0.047 0.058 0.04  0.057 0.066 0.073 0.093 0.168]
2026-03-29 08:04:56 INFO generator.run.generator.refinement_loop.weights: Loaded SHAP weights for HLA-B*07:02 from outputs/explainer_full_10alleles_20260328_1545/shap_results.json
2026-03-29 08:04:56 INFO generator.run.generator.pipeline: ============================================================
2026-03-29 08:04:56 INFO generator.run.generator.pipeline: Generating for HLA-B*07:02
2026-03-29 08:04:56 INFO generator.run.generator.pipeline: ============================================================
2026-03-29 08:04:56 INFO generator.run.generator.pipeline: Length weights: default
2026-03-29 08:04:56 INFO generator.run.generator.pipeline: Candidate length mix: {8: 0.1, 9: 0.4, 10: 0.3, 11: 0.2}
2026-03-29 08:04:56 INFO generator.run.generator.pipeline: [1/4] Generating candidate peptides...
2026-03-29 08:04:58 INFO generator.run.generator.training: Generated 512 unique peptides for HLA-B*07:02
2026-03-29 08:04:58 INFO generator.run.generator.pipeline: Generated 512 unique candidates
2026-03-29 08:04:58 INFO generator.run.generator.pipeline: [2/4] Scoring candidates with predictor...
2026-03-29 08:05:01 INFO generator.run.generator.pipeline: Top-10 scores: -0.3534 +/- 0.0277
2026-03-29 08:05:01 INFO generator.run.generator.pipeline: [3/4] Refining top candidates with SHAP guidance...
2026-03-29 08:05:01 INFO generator.run.generator.refinement_loop.loop: Scoring 200 candidates...
2026-03-29 08:47:33 INFO generator.run.generator.pipeline: Improved 182/200 candidates through refinement
2026-03-29 08:47:33 INFO generator.run.generator.pipeline: Uniqueness: 512/512 (100.0%)
2026-03-29 08:47:33 INFO generator.run.generator.pipeline: Duplicates: 0 -> 0
2026-03-29 08:47:33 INFO generator.run.generator.pipeline: [4/4] Selecting final diverse set...
2026-03-29 08:47:33 INFO generator.run.generator.pipeline: Final length quotas: {8: 5, 9: 20, 10: 15, 11: 10}
2026-03-29 08:47:33 INFO generator.run.generator.selection.diversity: min_dist=6: {8: 2, 9: 20, 10: 15, 11: 10} (target: {8: 5, 9: 20, 10: 15, 11: 10})
2026-03-29 08:47:33 INFO generator.run.generator.selection.diversity: min_dist=5: {8: 5, 9: 20, 10: 15, 11: 10} (target: {8: 5, 9: 20, 10: 15, 11: 10})
2026-03-29 08:47:50 INFO generator.run.generator.pipeline: Final selection: 50 peptides
2026-03-29 08:47:50 INFO generator.run.generator.pipeline: Score: -0.9992 +/- 0.7328
2026-03-29 08:47:50 INFO generator.run.generator.pipeline: Avg pairwise edit distance: 7.34
2026-03-29 08:47:50 INFO generator.run.generator.pipeline: Length distribution: {9: 20, 10: 15, 11: 10, 8: 5}
2026-03-29 08:47:50 INFO generator.run.generator.pipeline: Novelty: mean NN dist=2.96, median=3.0, min=1, exact_matches=0
2026-03-29 08:47:50 INFO generator.run.generator.utils: Saved 50 peptides to outputs/generator_full_10alleles_20260328_1545/20260329_064608/HLA-B_07_02/final_peptides_div.csv
2026-03-29 08:47:50 INFO generator.run.generator.utils: Saved 50 peptides to outputs/generator_full_10alleles_20260328_1545/20260329_064608/HLA-B_07_02/final_peptides_nodiv.csv
2026-03-29 08:47:51 INFO generator.run.generator.refinement_loop.weights: Loaded SHAP weights for HLA-A*03:01 from outputs/explainer_full_10alleles_20260328_1545/shap_results.json
2026-03-29 08:47:51 INFO generator.run.generator.pipeline: ============================================================
2026-03-29 08:47:51 INFO generator.run.generator.pipeline: Generating for HLA-A*03:01
2026-03-29 08:47:51 INFO generator.run.generator.pipeline: ============================================================
2026-03-29 08:47:51 INFO generator.run.generator.pipeline: Length weights: default
2026-03-29 08:47:51 INFO generator.run.generator.pipeline: Candidate length mix: {8: 0.1, 9: 0.4, 10: 0.3, 11: 0.2}
2026-03-29 08:47:51 INFO generator.run.generator.pipeline: [1/4] Generating candidate peptides...
2026-03-29 08:47:54 INFO generator.run.generator.training: Generated 512 unique peptides for HLA-A*03:01
2026-03-29 08:47:54 INFO generator.run.generator.pipeline: Generated 512 unique candidates
2026-03-29 08:47:54 INFO generator.run.generator.pipeline: [2/4] Scoring candidates with predictor...
2026-03-29 08:47:56 INFO generator.run.generator.pipeline: Top-10 scores: -0.7728 +/- 0.0405
2026-03-29 08:47:56 INFO generator.run.generator.pipeline: [3/4] Refining top candidates with SHAP guidance...
2026-03-29 08:47:56 INFO generator.run.generator.refinement_loop.loop: Scoring 200 candidates...
2026-03-29 09:30:34 INFO generator.run.generator.pipeline: Improved 192/200 candidates through refinement
2026-03-29 09:30:34 INFO generator.run.generator.pipeline: Uniqueness: 512/512 (100.0%)
2026-03-29 09:30:34 INFO generator.run.generator.pipeline: Duplicates: 0 -> 0
2026-03-29 09:30:34 INFO generator.run.generator.pipeline: [4/4] Selecting final diverse set...
2026-03-29 09:30:34 INFO generator.run.generator.pipeline: Final length quotas: {8: 5, 9: 20, 10: 15, 11: 10}
2026-03-29 09:30:34 INFO generator.run.generator.selection.diversity: min_dist=6: {8: 5, 9: 20, 10: 15, 11: 10} (target: {8: 5, 9: 20, 10: 15, 11: 10})
2026-03-29 09:30:47 INFO generator.run.generator.pipeline: Final selection: 50 peptides
2026-03-29 09:30:47 INFO generator.run.generator.pipeline: Score: -1.0433 +/- 0.7445
2026-03-29 09:30:47 INFO generator.run.generator.pipeline: Avg pairwise edit distance: 7.70
2026-03-29 09:30:47 INFO generator.run.generator.pipeline: Length distribution: {9: 20, 10: 15, 11: 10, 8: 5}
2026-03-29 09:30:47 INFO generator.run.generator.pipeline: Novelty: mean NN dist=3.54, median=4.0, min=2, exact_matches=0
2026-03-29 09:30:47 INFO generator.run.generator.utils: Saved 50 peptides to outputs/generator_full_10alleles_20260328_1545/20260329_064608/HLA-A_03_01/final_peptides_div.csv
2026-03-29 09:30:47 INFO generator.run.generator.utils: Saved 50 peptides to outputs/generator_full_10alleles_20260328_1545/20260329_064608/HLA-A_03_01/final_peptides_nodiv.csv
2026-03-29 09:30:48 INFO generator.run.generator.refinement_loop.weights: Loaded SHAP weights for HLA-B*40:01 from outputs/explainer_full_10alleles_20260328_1545/shap_results.json
2026-03-29 09:30:48 INFO generator.run.generator.pipeline: ============================================================
2026-03-29 09:30:48 INFO generator.run.generator.pipeline: Generating for HLA-B*40:01
2026-03-29 09:30:48 INFO generator.run.generator.pipeline: ============================================================
2026-03-29 09:30:48 INFO generator.run.generator.pipeline: Length weights: default
2026-03-29 09:30:48 INFO generator.run.generator.pipeline: Candidate length mix: {8: 0.1, 9: 0.4, 10: 0.3, 11: 0.2}
2026-03-29 09:30:48 INFO generator.run.generator.pipeline: [1/4] Generating candidate peptides...
2026-03-29 09:30:51 INFO generator.run.generator.training: Generated 512 unique peptides for HLA-B*40:01
2026-03-29 09:30:51 INFO generator.run.generator.pipeline: Generated 512 unique candidates
2026-03-29 09:30:51 INFO generator.run.generator.pipeline: [2/4] Scoring candidates with predictor...
2026-03-29 09:30:53 INFO generator.run.generator.pipeline: Top-10 scores: -0.7454 +/- 0.0609
2026-03-29 09:30:53 INFO generator.run.generator.pipeline: [3/4] Refining top candidates with SHAP guidance...
2026-03-29 09:30:53 INFO generator.run.generator.refinement_loop.loop: Scoring 200 candidates...
2026-03-29 10:13:25 INFO generator.run.generator.pipeline: Improved 198/200 candidates through refinement
2026-03-29 10:13:25 INFO generator.run.generator.pipeline: Uniqueness: 512/512 (100.0%)
2026-03-29 10:13:25 INFO generator.run.generator.pipeline: Duplicates: 0 -> 0
2026-03-29 10:13:25 INFO generator.run.generator.pipeline: [4/4] Selecting final diverse set...
2026-03-29 10:13:25 INFO generator.run.generator.pipeline: Final length quotas: {8: 5, 9: 20, 10: 15, 11: 10}
2026-03-29 10:13:25 INFO generator.run.generator.selection.diversity: min_dist=6: {8: 4, 9: 20, 10: 15, 11: 10} (target: {8: 5, 9: 20, 10: 15, 11: 10})
2026-03-29 10:13:25 INFO generator.run.generator.selection.diversity: min_dist=5: {8: 5, 9: 20, 10: 15, 11: 10} (target: {8: 5, 9: 20, 10: 15, 11: 10})
2026-03-29 10:13:37 INFO generator.run.generator.pipeline: Final selection: 50 peptides
2026-03-29 10:13:37 INFO generator.run.generator.pipeline: Score: -1.0696 +/- 0.6337
2026-03-29 10:13:37 INFO generator.run.generator.pipeline: Avg pairwise edit distance: 7.20
2026-03-29 10:13:37 INFO generator.run.generator.pipeline: Length distribution: {9: 20, 10: 15, 11: 10, 8: 5}
2026-03-29 10:13:37 INFO generator.run.generator.pipeline: Novelty: mean NN dist=3.30, median=3.0, min=2, exact_matches=0
2026-03-29 10:13:37 INFO generator.run.generator.utils: Saved 50 peptides to outputs/generator_full_10alleles_20260328_1545/20260329_064608/HLA-B_40_01/final_peptides_div.csv
2026-03-29 10:13:37 INFO generator.run.generator.utils: Saved 50 peptides to outputs/generator_full_10alleles_20260328_1545/20260329_064608/HLA-B_40_01/final_peptides_nodiv.csv
2026-03-29 10:13:37 INFO generator.run.generator.refinement_loop.weights: Loaded SHAP weights for HLA-B*57:01 from outputs/explainer_full_10alleles_20260328_1545/shap_results.json
2026-03-29 10:13:37 INFO generator.run.generator.pipeline: ============================================================
2026-03-29 10:13:37 INFO generator.run.generator.pipeline: Generating for HLA-B*57:01
2026-03-29 10:13:37 INFO generator.run.generator.pipeline: ============================================================
2026-03-29 10:13:37 INFO generator.run.generator.pipeline: Length weights: default
2026-03-29 10:13:37 INFO generator.run.generator.pipeline: Candidate length mix: {8: 0.1, 9: 0.4, 10: 0.3, 11: 0.2}
2026-03-29 10:13:37 INFO generator.run.generator.pipeline: [1/4] Generating candidate peptides...
2026-03-29 10:13:40 INFO generator.run.generator.training: Generated 512 unique peptides for HLA-B*57:01
2026-03-29 10:13:40 INFO generator.run.generator.pipeline: Generated 512 unique candidates
2026-03-29 10:13:40 INFO generator.run.generator.pipeline: [2/4] Scoring candidates with predictor...
2026-03-29 10:13:42 INFO generator.run.generator.pipeline: Top-10 scores: -0.6750 +/- 0.0522
2026-03-29 10:13:42 INFO generator.run.generator.pipeline: [3/4] Refining top candidates with SHAP guidance...
2026-03-29 10:13:42 INFO generator.run.generator.refinement_loop.loop: Scoring 200 candidates...
2026-03-29 10:56:16 INFO generator.run.generator.pipeline: Improved 181/200 candidates through refinement
2026-03-29 10:56:16 INFO generator.run.generator.pipeline: Uniqueness: 512/512 (100.0%)
2026-03-29 10:56:16 INFO generator.run.generator.pipeline: Duplicates: 0 -> 0
2026-03-29 10:56:16 INFO generator.run.generator.pipeline: [4/4] Selecting final diverse set...
2026-03-29 10:56:16 INFO generator.run.generator.pipeline: Final length quotas: {8: 5, 9: 20, 10: 15, 11: 10}
2026-03-29 10:56:16 INFO generator.run.generator.selection.diversity: min_dist=6: {8: 5, 9: 20, 10: 15, 11: 10} (target: {8: 5, 9: 20, 10: 15, 11: 10})
2026-03-29 10:56:28 INFO generator.run.generator.pipeline: Final selection: 50 peptides
2026-03-29 10:56:28 INFO generator.run.generator.pipeline: Score: -0.7993 +/- 0.4304
2026-03-29 10:56:28 INFO generator.run.generator.pipeline: Avg pairwise edit distance: 7.77
2026-03-29 10:56:28 INFO generator.run.generator.pipeline: Length distribution: {9: 20, 10: 15, 11: 10, 8: 5}
2026-03-29 10:56:28 INFO generator.run.generator.pipeline: Novelty: mean NN dist=3.82, median=4.0, min=2, exact_matches=0
2026-03-29 10:56:28 INFO generator.run.generator.utils: Saved 50 peptides to outputs/generator_full_10alleles_20260328_1545/20260329_064608/HLA-B_57_01/final_peptides_div.csv
2026-03-29 10:56:28 INFO generator.run.generator.utils: Saved 50 peptides to outputs/generator_full_10alleles_20260328_1545/20260329_064608/HLA-B_57_01/final_peptides_nodiv.csv
2026-03-29 10:56:28 INFO generator.run.generator.refinement_loop.weights: Loaded SHAP weights for HLA-B*15:02 from outputs/explainer_full_10alleles_20260328_1545/shap_results.json
2026-03-29 10:56:28 INFO generator.run.generator.pipeline: ============================================================
2026-03-29 10:56:28 INFO generator.run.generator.pipeline: Generating for HLA-B*15:02
2026-03-29 10:56:28 INFO generator.run.generator.pipeline: ============================================================
2026-03-29 10:56:28 INFO generator.run.generator.pipeline: Length weights: default
2026-03-29 10:56:28 INFO generator.run.generator.pipeline: Candidate length mix: {8: 0.1, 9: 0.4, 10: 0.3, 11: 0.2}
2026-03-29 10:56:28 INFO generator.run.generator.pipeline: [1/4] Generating candidate peptides...
2026-03-29 10:56:31 INFO generator.run.generator.training: Generated 512 unique peptides for HLA-B*15:02
2026-03-29 10:56:31 INFO generator.run.generator.pipeline: Generated 512 unique candidates
2026-03-29 10:56:31 INFO generator.run.generator.pipeline: [2/4] Scoring candidates with predictor...
2026-03-29 10:56:33 INFO generator.run.generator.pipeline: Top-10 scores: -0.8602 +/- 0.1044
2026-03-29 10:56:33 INFO generator.run.generator.pipeline: [3/4] Refining top candidates with SHAP guidance...
2026-03-29 10:56:33 INFO generator.run.generator.refinement_loop.loop: Scoring 200 candidates...
2026-03-29 11:39:02 INFO generator.run.generator.pipeline: Improved 190/200 candidates through refinement
2026-03-29 11:39:02 INFO generator.run.generator.pipeline: Uniqueness: 512/512 (100.0%)
2026-03-29 11:39:02 INFO generator.run.generator.pipeline: Duplicates: 0 -> 0
2026-03-29 11:39:02 INFO generator.run.generator.pipeline: [4/4] Selecting final diverse set...
2026-03-29 11:39:02 INFO generator.run.generator.pipeline: Final length quotas: {8: 5, 9: 20, 10: 15, 11: 10}
2026-03-29 11:39:02 INFO generator.run.generator.selection.diversity: min_dist=6: {8: 5, 9: 20, 10: 15, 11: 10} (target: {8: 5, 9: 20, 10: 15, 11: 10})
2026-03-29 11:39:13 INFO generator.run.generator.pipeline: Final selection: 50 peptides
2026-03-29 11:39:13 INFO generator.run.generator.pipeline: Score: -1.1073 +/- 0.5884
2026-03-29 11:39:13 INFO generator.run.generator.pipeline: Avg pairwise edit distance: 7.83
2026-03-29 11:39:13 INFO generator.run.generator.pipeline: Length distribution: {9: 20, 10: 15, 11: 10, 8: 5}
2026-03-29 11:39:13 INFO generator.run.generator.pipeline: Novelty: mean NN dist=3.70, median=4.0, min=3, exact_matches=0
2026-03-29 11:39:13 INFO generator.run.generator.utils: Saved 50 peptides to outputs/generator_full_10alleles_20260328_1545/20260329_064608/HLA-B_15_02/final_peptides_div.csv
2026-03-29 11:39:13 INFO generator.run.generator.utils: Saved 50 peptides to outputs/generator_full_10alleles_20260328_1545/20260329_064608/HLA-B_15_02/final_peptides_nodiv.csv
2026-03-29 11:39:13 INFO generator.run.generator.refinement_loop.weights: Loaded SHAP weights for HLA-A*11:01 from outputs/explainer_full_10alleles_20260328_1545/shap_results.json
2026-03-29 11:39:13 INFO generator.run.generator.pipeline: ============================================================
2026-03-29 11:39:13 INFO generator.run.generator.pipeline: Generating for HLA-A*11:01
2026-03-29 11:39:13 INFO generator.run.generator.pipeline: ============================================================
2026-03-29 11:39:13 INFO generator.run.generator.pipeline: Length weights: default
2026-03-29 11:39:13 INFO generator.run.generator.pipeline: Candidate length mix: {8: 0.1, 9: 0.4, 10: 0.3, 11: 0.2}
2026-03-29 11:39:13 INFO generator.run.generator.pipeline: [1/4] Generating candidate peptides...
2026-03-29 11:39:16 INFO generator.run.generator.training: Generated 512 unique peptides for HLA-A*11:01
2026-03-29 11:39:16 INFO generator.run.generator.pipeline: Generated 512 unique candidates
2026-03-29 11:39:16 INFO generator.run.generator.pipeline: [2/4] Scoring candidates with predictor...
2026-03-29 11:39:18 INFO generator.run.generator.pipeline: Top-10 scores: -0.4607 +/- 0.0447
2026-03-29 11:39:18 INFO generator.run.generator.pipeline: [3/4] Refining top candidates with SHAP guidance...
2026-03-29 11:39:18 INFO generator.run.generator.refinement_loop.loop: Scoring 200 candidates...
2026-03-29 12:21:51 INFO generator.run.generator.pipeline: Improved 188/200 candidates through refinement
2026-03-29 12:21:51 INFO generator.run.generator.pipeline: Uniqueness: 512/512 (100.0%)
2026-03-29 12:21:51 INFO generator.run.generator.pipeline: Duplicates: 0 -> 0
2026-03-29 12:21:51 INFO generator.run.generator.pipeline: [4/4] Selecting final diverse set...
2026-03-29 12:21:51 INFO generator.run.generator.pipeline: Final length quotas: {8: 5, 9: 20, 10: 15, 11: 10}
2026-03-29 12:21:52 INFO generator.run.generator.selection.diversity: min_dist=6: {8: 5, 9: 20, 10: 15, 11: 10} (target: {8: 5, 9: 20, 10: 15, 11: 10})
2026-03-29 12:22:03 INFO generator.run.generator.pipeline: Final selection: 50 peptides
2026-03-29 12:22:03 INFO generator.run.generator.pipeline: Score: -0.8489 +/- 0.7511
2026-03-29 12:22:03 INFO generator.run.generator.pipeline: Avg pairwise edit distance: 7.58
2026-03-29 12:22:03 INFO generator.run.generator.pipeline: Length distribution: {9: 20, 10: 15, 11: 10, 8: 5}
2026-03-29 12:22:03 INFO generator.run.generator.pipeline: Novelty: mean NN dist=3.56, median=4.0, min=3, exact_matches=0
2026-03-29 12:22:03 INFO generator.run.generator.utils: Saved 50 peptides to outputs/generator_full_10alleles_20260328_1545/20260329_064608/HLA-A_11_01/final_peptides_div.csv
2026-03-29 12:22:03 INFO generator.run.generator.utils: Saved 50 peptides to outputs/generator_full_10alleles_20260328_1545/20260329_064608/HLA-A_11_01/final_peptides_nodiv.csv
2026-03-29 12:22:03 INFO generator.run.generator.refinement_loop.weights: Loaded SHAP weights for HLA-B*51:01 from outputs/explainer_full_10alleles_20260328_1545/shap_results.json
2026-03-29 12:22:03 INFO generator.run.generator.pipeline: ============================================================
2026-03-29 12:22:03 INFO generator.run.generator.pipeline: Generating for HLA-B*51:01
2026-03-29 12:22:03 INFO generator.run.generator.pipeline: ============================================================
2026-03-29 12:22:03 INFO generator.run.generator.pipeline: Length weights: default
2026-03-29 12:22:03 INFO generator.run.generator.pipeline: Candidate length mix: {8: 0.1, 9: 0.4, 10: 0.3, 11: 0.2}
2026-03-29 12:22:03 INFO generator.run.generator.pipeline: [1/4] Generating candidate peptides...
2026-03-29 12:22:06 INFO generator.run.generator.training: Generated 509 unique peptides for HLA-B*51:01
2026-03-29 12:22:06 INFO generator.run.generator.pipeline: Generated 509 unique candidates
2026-03-29 12:22:06 INFO generator.run.generator.pipeline: [2/4] Scoring candidates with predictor...
2026-03-29 12:22:08 INFO generator.run.generator.pipeline: Top-10 scores: -1.6126 +/- 0.0744
2026-03-29 12:22:08 INFO generator.run.generator.pipeline: [3/4] Refining top candidates with SHAP guidance...
2026-03-29 12:22:08 INFO generator.run.generator.refinement_loop.loop: Scoring 200 candidates...
2026-03-29 13:04:38 INFO generator.run.generator.pipeline: Improved 173/200 candidates through refinement
2026-03-29 13:04:38 INFO generator.run.generator.pipeline: Uniqueness: 509/509 (100.0%)
2026-03-29 13:04:38 INFO generator.run.generator.pipeline: Duplicates: 0 -> 0
2026-03-29 13:04:38 INFO generator.run.generator.pipeline: [4/4] Selecting final diverse set...
2026-03-29 13:04:38 INFO generator.run.generator.pipeline: Final length quotas: {8: 5, 9: 20, 10: 15, 11: 10}
2026-03-29 13:04:38 INFO generator.run.generator.selection.diversity: min_dist=6: {8: 5, 9: 20, 10: 15, 11: 10} (target: {8: 5, 9: 20, 10: 15, 11: 10})
2026-03-29 13:04:49 INFO generator.run.generator.pipeline: Final selection: 50 peptides
2026-03-29 13:04:49 INFO generator.run.generator.pipeline: Score: -2.0586 +/- 0.4582
2026-03-29 13:04:49 INFO generator.run.generator.pipeline: Avg pairwise edit distance: 7.79
2026-03-29 13:04:49 INFO generator.run.generator.pipeline: Length distribution: {9: 20, 10: 15, 11: 10, 8: 5}
2026-03-29 13:04:49 INFO generator.run.generator.pipeline: Novelty: mean NN dist=3.34, median=3.0, min=2, exact_matches=0
2026-03-29 13:04:49 INFO generator.run.generator.utils: Saved 50 peptides to outputs/generator_full_10alleles_20260328_1545/20260329_064608/HLA-B_51_01/final_peptides_div.csv
2026-03-29 13:04:49 INFO generator.run.generator.utils: Saved 50 peptides to outputs/generator_full_10alleles_20260328_1545/20260329_064608/HLA-B_51_01/final_peptides_nodiv.csv
2026-03-29 13:04:49 INFO generator.run.generator.refinement_loop.weights: Loaded SHAP weights for HLA-A*01:01 from outputs/explainer_full_10alleles_20260328_1545/shap_results.json
2026-03-29 13:04:49 INFO generator.run.generator.pipeline: ============================================================
2026-03-29 13:04:49 INFO generator.run.generator.pipeline: Generating for HLA-A*01:01
2026-03-29 13:04:49 INFO generator.run.generator.pipeline: ============================================================
2026-03-29 13:04:49 INFO generator.run.generator.pipeline: Length weights: default
2026-03-29 13:04:49 INFO generator.run.generator.pipeline: Candidate length mix: {8: 0.1, 9: 0.4, 10: 0.3, 11: 0.2}
2026-03-29 13:04:49 INFO generator.run.generator.pipeline: [1/4] Generating candidate peptides...
2026-03-29 13:04:52 INFO generator.run.generator.training: Generated 512 unique peptides for HLA-A*01:01
2026-03-29 13:04:52 INFO generator.run.generator.pipeline: Generated 512 unique candidates
2026-03-29 13:04:52 INFO generator.run.generator.pipeline: [2/4] Scoring candidates with predictor...
2026-03-29 13:04:54 INFO generator.run.generator.pipeline: Top-10 scores: -0.7536 +/- 0.0890
2026-03-29 13:04:54 INFO generator.run.generator.pipeline: [3/4] Refining top candidates with SHAP guidance...
2026-03-29 13:04:54 INFO generator.run.generator.refinement_loop.loop: Scoring 200 candidates...
2026-03-29 13:47:30 INFO generator.run.generator.pipeline: Improved 184/200 candidates through refinement
2026-03-29 13:47:30 INFO generator.run.generator.pipeline: Uniqueness: 512/512 (100.0%)
2026-03-29 13:47:30 INFO generator.run.generator.pipeline: Duplicates: 0 -> 0
2026-03-29 13:47:30 INFO generator.run.generator.pipeline: [4/4] Selecting final diverse set...
2026-03-29 13:47:30 INFO generator.run.generator.pipeline: Final length quotas: {8: 5, 9: 20, 10: 15, 11: 10}
2026-03-29 13:47:31 INFO generator.run.generator.selection.diversity: min_dist=6: {8: 5, 9: 20, 10: 15, 11: 10} (target: {8: 5, 9: 20, 10: 15, 11: 10})
2026-03-29 13:47:42 INFO generator.run.generator.pipeline: Final selection: 50 peptides
2026-03-29 13:47:42 INFO generator.run.generator.pipeline: Score: -1.4292 +/- 0.8555
2026-03-29 13:47:42 INFO generator.run.generator.pipeline: Avg pairwise edit distance: 7.45
2026-03-29 13:47:42 INFO generator.run.generator.pipeline: Length distribution: {9: 20, 10: 15, 11: 10, 8: 5}
2026-03-29 13:47:42 INFO generator.run.generator.pipeline: Novelty: mean NN dist=3.62, median=4.0, min=2, exact_matches=0
2026-03-29 13:47:42 INFO generator.run.generator.utils: Saved 50 peptides to outputs/generator_full_10alleles_20260328_1545/20260329_064608/HLA-A_01_01/final_peptides_div.csv
2026-03-29 13:47:42 INFO generator.run.generator.utils: Saved 50 peptides to outputs/generator_full_10alleles_20260328_1545/20260329_064608/HLA-A_01_01/final_peptides_nodiv.csv
2026-03-29 13:47:42 INFO generator.run.generator.refinement_loop.weights: Loaded SHAP weights for HLA-B*40:02 from outputs/explainer_full_10alleles_20260328_1545/shap_results.json
2026-03-29 13:47:42 INFO generator.run.generator.pipeline: ============================================================
2026-03-29 13:47:42 INFO generator.run.generator.pipeline: Generating for HLA-B*40:02
2026-03-29 13:47:42 INFO generator.run.generator.pipeline: ============================================================
2026-03-29 13:47:42 INFO generator.run.generator.pipeline: Length weights: default
2026-03-29 13:47:42 INFO generator.run.generator.pipeline: Candidate length mix: {8: 0.1, 9: 0.4, 10: 0.3, 11: 0.2}
2026-03-29 13:47:42 INFO generator.run.generator.pipeline: [1/4] Generating candidate peptides...
2026-03-29 13:47:45 INFO generator.run.generator.training: Generated 512 unique peptides for HLA-B*40:02
2026-03-29 13:47:45 INFO generator.run.generator.pipeline: Generated 512 unique candidates
2026-03-29 13:47:45 INFO generator.run.generator.pipeline: [2/4] Scoring candidates with predictor...
2026-03-29 13:47:47 INFO generator.run.generator.pipeline: Top-10 scores: -0.9409 +/- 0.0751
2026-03-29 13:47:47 INFO generator.run.generator.pipeline: [3/4] Refining top candidates with SHAP guidance...
2026-03-29 13:47:47 INFO generator.run.generator.refinement_loop.loop: Scoring 200 candidates...
2026-03-29 14:31:15 INFO generator.run.generator.pipeline: Improved 198/200 candidates through refinement
2026-03-29 14:31:15 INFO generator.run.generator.pipeline: Uniqueness: 512/512 (100.0%)
2026-03-29 14:31:15 INFO generator.run.generator.pipeline: Duplicates: 0 -> 0
2026-03-29 14:31:15 INFO generator.run.generator.pipeline: [4/4] Selecting final diverse set...
2026-03-29 14:31:15 INFO generator.run.generator.pipeline: Final length quotas: {8: 5, 9: 20, 10: 15, 11: 10}
2026-03-29 14:31:15 INFO generator.run.generator.selection.diversity: min_dist=6: {8: 5, 9: 20, 10: 15, 11: 10} (target: {8: 5, 9: 20, 10: 15, 11: 10})
2026-03-29 14:31:26 INFO generator.run.generator.pipeline: Final selection: 50 peptides
2026-03-29 14:31:26 INFO generator.run.generator.pipeline: Score: -1.0057 +/- 0.3666
2026-03-29 14:31:26 INFO generator.run.generator.pipeline: Avg pairwise edit distance: 7.56
2026-03-29 14:31:26 INFO generator.run.generator.pipeline: Length distribution: {9: 20, 10: 15, 11: 10, 8: 5}
2026-03-29 14:31:26 INFO generator.run.generator.pipeline: Novelty: mean NN dist=3.50, median=3.5, min=2, exact_matches=0
2026-03-29 14:31:26 INFO generator.run.generator.utils: Saved 50 peptides to outputs/generator_full_10alleles_20260328_1545/20260329_064608/HLA-B_40_02/final_peptides_div.csv
2026-03-29 14:31:26 INFO generator.run.generator.utils: Saved 50 peptides to outputs/generator_full_10alleles_20260328_1545/20260329_064608/HLA-B_40_02/final_peptides_nodiv.csv
2026-03-29 14:31:26 INFO generator.run.generator.refinement_loop.weights: Loaded SHAP weights for HLA-A*24:02 from outputs/explainer_full_10alleles_20260328_1545/shap_results.json
2026-03-29 14:31:26 INFO generator.run.generator.pipeline: ============================================================
2026-03-29 14:31:26 INFO generator.run.generator.pipeline: Generating for HLA-A*24:02
2026-03-29 14:31:26 INFO generator.run.generator.pipeline: ============================================================
2026-03-29 14:31:26 INFO generator.run.generator.pipeline: Length weights: default
2026-03-29 14:31:26 INFO generator.run.generator.pipeline: Candidate length mix: {8: 0.1, 9: 0.4, 10: 0.3, 11: 0.2}
2026-03-29 14:31:26 INFO generator.run.generator.pipeline: [1/4] Generating candidate peptides...
2026-03-29 14:31:30 INFO generator.run.generator.training: Generated 512 unique peptides for HLA-A*24:02
2026-03-29 14:31:30 INFO generator.run.generator.pipeline: Generated 512 unique candidates
2026-03-29 14:31:30 INFO generator.run.generator.pipeline: [2/4] Scoring candidates with predictor...
2026-03-29 14:31:32 INFO generator.run.generator.pipeline: Top-10 scores: -0.6739 +/- 0.1167
2026-03-29 14:31:32 INFO generator.run.generator.pipeline: [3/4] Refining top candidates with SHAP guidance...
2026-03-29 14:31:32 INFO generator.run.generator.refinement_loop.loop: Scoring 200 candidates...
2026-03-29 15:15:32 INFO generator.run.generator.pipeline: Improved 192/200 candidates through refinement
2026-03-29 15:15:32 INFO generator.run.generator.pipeline: Uniqueness: 512/512 (100.0%)
2026-03-29 15:15:32 INFO generator.run.generator.pipeline: Duplicates: 0 -> 0
2026-03-29 15:15:32 INFO generator.run.generator.pipeline: [4/4] Selecting final diverse set...
2026-03-29 15:15:32 INFO generator.run.generator.pipeline: Final length quotas: {8: 5, 9: 20, 10: 15, 11: 10}
2026-03-29 15:15:32 INFO generator.run.generator.selection.diversity: min_dist=6: {8: 5, 9: 20, 10: 15, 11: 10} (target: {8: 5, 9: 20, 10: 15, 11: 10})
2026-03-29 15:15:43 INFO generator.run.generator.pipeline: Final selection: 50 peptides
2026-03-29 15:15:43 INFO generator.run.generator.pipeline: Score: -0.9342 +/- 0.6564
2026-03-29 15:15:43 INFO generator.run.generator.pipeline: Avg pairwise edit distance: 7.64
2026-03-29 15:15:43 INFO generator.run.generator.pipeline: Length distribution: {9: 20, 10: 15, 11: 10, 8: 5}
2026-03-29 15:15:43 INFO generator.run.generator.pipeline: Novelty: mean NN dist=3.64, median=4.0, min=2, exact_matches=0
2026-03-29 15:15:43 INFO generator.run.generator.utils: Saved 50 peptides to outputs/generator_full_10alleles_20260328_1545/20260329_064608/HLA-A_24_02/final_peptides_div.csv
2026-03-29 15:15:43 INFO generator.run.generator.utils: Saved 50 peptides to outputs/generator_full_10alleles_20260328_1545/20260329_064608/HLA-A_24_02/final_peptides_nodiv.csv
2026-03-29 15:15:43 INFO generator.run.generator.utils: Run summary saved to outputs/generator_full_10alleles_20260328_1545/20260329_064608/run_summary.json
2026-03-29 15:15:43 INFO generator.run.generator.pipeline: ============================================================
2026-03-29 15:15:43 INFO generator.run.generator.pipeline: Generation complete!
2026-03-29 15:15:43 INFO generator.run.generator.pipeline: ============================================================
2026-03-29 15:15:43 INFO generator.run.generator.pipeline: Run ID: 20260329_064608
2026-03-29 15:15:43 INFO generator.run.generator.pipeline: Output directory: outputs/generator_full_10alleles_20260328_1545/20260329_064608
2026-03-29 15:15:43 INFO generator.run.generator.pipeline: Alleles processed: 10
2026-03-29 15:15:43 INFO generator.run.generator.pipeline: Total peptides: 500
2026-03-29 15:15:43 INFO generator.run.generator.pipeline: Aggregate binding pass-rates (macro-avg over 10 alleles):
2026-03-29 15:15:43 INFO generator.run.generator.pipeline: %SB  (IC50 <= 50 nM): 83.0%
2026-03-29 15:15:43 INFO generator.run.generator.pipeline: %WB  (IC50 <= 500 nM): 94.6%

  Binding pass-rates for HLA-B*07:02 (50 peptides):
     %SB  (IC50 <= 50 nM):   92.0%  (46/50)
     %WB  (IC50 <= 500 nM):  96.0%  (48/50)
     Median affinity:        6.1 nM
     Mean score (-log10 nM): -0.999

  Binding pass-rates for HLA-A*03:01 (50 peptides):
     %SB  (IC50 <= 50 nM):   90.0%  (45/50)
     %WB  (IC50 <= 500 nM):  92.0%  (46/50)
     Median affinity:        6.5 nM
     Mean score (-log10 nM): -1.043

  Binding pass-rates for HLA-B*40:01 (50 peptides):
     %SB  (IC50 <= 50 nM):   92.0%  (46/50)
     %WB  (IC50 <= 500 nM):  94.0%  (47/50)
     Median affinity:        7.6 nM
     Mean score (-log10 nM): -1.070

  Binding pass-rates for HLA-B*57:01 (50 peptides):
     %SB  (IC50 <= 50 nM):   92.0%  (46/50)
     %WB  (IC50 <= 500 nM):  100.0%  (50/50)
     Median affinity:        4.6 nM
     Mean score (-log10 nM): -0.799

  Binding pass-rates for HLA-B*15:02 (50 peptides):
     %SB  (IC50 <= 50 nM):   90.0%  (45/50)
     %WB  (IC50 <= 500 nM):  96.0%  (48/50)
     Median affinity:        8.4 nM
     Mean score (-log10 nM): -1.107

  Binding pass-rates for HLA-A*11:01 (50 peptides):
     %SB  (IC50 <= 50 nM):   90.0%  (45/50)
     %WB  (IC50 <= 500 nM):  92.0%  (46/50)
     Median affinity:        4.7 nM
     Mean score (-log10 nM): -0.849

  Binding pass-rates for HLA-B*51:01 (50 peptides):
     %SB  (IC50 <= 50 nM):   26.0%  (13/50)
     %WB  (IC50 <= 500 nM):  92.0%  (46/50)
     Median affinity:        121.1 nM
     Mean score (-log10 nM): -2.059

  Binding pass-rates for HLA-A*01:01 (50 peptides):
     %SB  (IC50 <= 50 nM):   78.0%  (39/50)
     %WB  (IC50 <= 500 nM):  90.0%  (45/50)
     Median affinity:        13.4 nM
     Mean score (-log10 nM): -1.429

  Binding pass-rates for HLA-B*40:02 (50 peptides):
     %SB  (IC50 <= 50 nM):   90.0%  (45/50)
     %WB  (IC50 <= 500 nM):  100.0%  (50/50)
     Median affinity:        8.6 nM
     Mean score (-log10 nM): -1.006

  Binding pass-rates for HLA-A*24:02 (50 peptides):
     %SB  (IC50 <= 50 nM):   90.0%  (45/50)
     %WB  (IC50 <= 500 nM):  94.0%  (47/50)
     Median affinity:        6.1 nM
     Mean score (-log10 nM): -0.934
