2026-03-23 06:34:26 INFO generator.run.generator.pipeline: Using device: mps
2026-03-23 06:34:26 INFO generator.run.generator.pipeline: Run ID: 20260323_063426
2026-03-23 06:34:26 INFO generator.run.generator.pipeline: Loading data from /Users/pranavipanduga/Documents/fyp/Epitote-HLA-Binding-Prediction-and-Design-1/data_processing/data/mhc_class1_ms_balanced.npz...
2026-03-23 06:34:27 INFO generator.run.generator.pipeline: Loaded 727476 peptides
2026-03-23 06:34:27 INFO generator.run.generator.pipeline: Unique alleles: 213
2026-03-23 06:34:27 INFO generator.run.generator.pipeline: Using top 10 alleles by frequency: ['HLA-A*02:01', 'HLA-B*27:05', 'HLA-B*07:02', 'HLA-A*03:01', 'HLA-B*57:01', 'HLA-B*15:02', 'HLA-B*40:01', 'HLA-B*51:01', 'HLA-B*40:02', 'HLA-A*11:01']
2026-03-23 06:34:27 INFO generator.run.generator.pipeline: Training AR model (transformer)...
2026-03-23 06:34:28 INFO generator.run.generator.pipeline: Stratified split: train=654675, val=72801
2026-03-23 06:53:48 INFO generator.run.generator.training: Epoch 1: train_loss=2.6199, val_loss=2.5548, val_ppl=12.87
2026-03-23 07:10:08 INFO generator.run.generator.training: Epoch 2: train_loss=2.5622, val_loss=2.5366, val_ppl=12.64
2026-03-23 07:32:37 INFO generator.run.generator.training: Epoch 3: train_loss=2.5499, val_loss=2.5290, val_ppl=12.54
2026-03-23 08:00:30 INFO generator.run.generator.training: Epoch 4: train_loss=2.5430, val_loss=2.5229, val_ppl=12.46
2026-03-23 08:25:01 INFO generator.run.generator.training: Epoch 5: train_loss=2.5384, val_loss=2.5185, val_ppl=12.41
2026-03-23 08:42:16 INFO generator.run.generator.training: Epoch 6: train_loss=2.5348, val_loss=2.5164, val_ppl=12.38
2026-03-23 08:56:14 INFO generator.run.generator.training: Epoch 7: train_loss=2.5320, val_loss=2.5123, val_ppl=12.33
2026-03-23 09:10:26 INFO generator.run.generator.training: Epoch 8: train_loss=2.5295, val_loss=2.5113, val_ppl=12.32
2026-03-23 09:27:06 INFO generator.run.generator.training: Epoch 9: train_loss=2.5275, val_loss=2.5092, val_ppl=12.30
2026-03-23 09:54:26 INFO generator.run.generator.training: Epoch 10: train_loss=2.5252, val_loss=2.5045, val_ppl=12.24
2026-03-23 10:34:07 INFO generator.run.generator.training: Epoch 11: train_loss=2.5233, val_loss=2.5062, val_ppl=12.26
2026-03-23 10:59:11 INFO generator.run.generator.training: Epoch 12: train_loss=2.5214, val_loss=2.5015, val_ppl=12.20
2026-03-23 11:22:44 INFO generator.run.generator.training: Epoch 13: train_loss=2.5196, val_loss=2.5010, val_ppl=12.19
2026-03-23 11:50:42 INFO generator.run.generator.training: Epoch 14: train_loss=2.5179, val_loss=2.4991, val_ppl=12.17
2026-03-23 12:18:17 INFO generator.run.generator.training: Epoch 15: train_loss=2.5161, val_loss=2.4946, val_ppl=12.12
2026-03-23 12:41:16 INFO generator.run.generator.training: Epoch 16: train_loss=2.5142, val_loss=2.4947, val_ppl=12.12
2026-03-23 12:56:06 INFO generator.run.generator.training: Epoch 17: train_loss=2.5121, val_loss=2.4896, val_ppl=12.06
2026-03-23 13:18:02 INFO generator.run.generator.training: Epoch 18: train_loss=2.5103, val_loss=2.4873, val_ppl=12.03
2026-03-23 13:36:07 INFO generator.run.generator.training: Epoch 19: train_loss=2.5085, val_loss=2.4876, val_ppl=12.03
2026-03-23 13:57:07 INFO generator.run.generator.training: Epoch 20: train_loss=2.5065, val_loss=2.4828, val_ppl=11.97
2026-03-23 14:14:33 INFO generator.run.generator.training: Epoch 21: train_loss=2.5046, val_loss=2.4807, val_ppl=11.95
2026-03-23 14:31:10 INFO generator.run.generator.training: Epoch 22: train_loss=2.5024, val_loss=2.4767, val_ppl=11.90
2026-03-23 14:56:29 INFO generator.run.generator.training: Epoch 23: train_loss=2.5005, val_loss=2.4752, val_ppl=11.88
2026-03-23 15:24:16 INFO generator.run.generator.training: Epoch 24: train_loss=2.4985, val_loss=2.4724, val_ppl=11.85
2026-03-23 16:01:03 INFO generator.run.generator.training: Epoch 25: train_loss=2.4965, val_loss=2.4698, val_ppl=11.82
2026-03-23 16:20:16 INFO generator.run.generator.training: Epoch 26: train_loss=2.4944, val_loss=2.4679, val_ppl=11.80
2026-03-23 16:43:09 INFO generator.run.generator.training: Epoch 27: train_loss=2.4921, val_loss=2.4641, val_ppl=11.75
2026-03-23 17:08:39 INFO generator.run.generator.training: Epoch 28: train_loss=2.4902, val_loss=2.4613, val_ppl=11.72
2026-03-23 17:35:19 INFO generator.run.generator.training: Epoch 29: train_loss=2.4878, val_loss=2.4587, val_ppl=11.69
2026-03-23 17:52:49 INFO generator.run.generator.training: Epoch 30: train_loss=2.4860, val_loss=2.4543, val_ppl=11.64
2026-03-23 18:09:16 INFO generator.run.generator.training: Epoch 31: train_loss=2.4841, val_loss=2.4518, val_ppl=11.61
2026-03-23 18:25:30 INFO generator.run.generator.training: Epoch 32: train_loss=2.4816, val_loss=2.4495, val_ppl=11.58
2026-03-23 18:41:22 INFO generator.run.generator.training: Epoch 33: train_loss=2.4795, val_loss=2.4464, val_ppl=11.55
2026-03-23 19:00:10 INFO generator.run.generator.training: Epoch 34: train_loss=2.4777, val_loss=2.4440, val_ppl=11.52
2026-03-23 19:17:04 INFO generator.run.generator.training: Epoch 35: train_loss=2.4758, val_loss=2.4421, val_ppl=11.50
2026-03-23 19:39:32 INFO generator.run.generator.training: Epoch 36: train_loss=2.4740, val_loss=2.4390, val_ppl=11.46
2026-03-23 20:00:31 INFO generator.run.generator.training: Epoch 37: train_loss=2.4721, val_loss=2.4368, val_ppl=11.44
2026-03-23 20:20:23 INFO generator.run.generator.training: Epoch 38: train_loss=2.4705, val_loss=2.4339, val_ppl=11.40
2026-03-23 20:39:23 INFO generator.run.generator.training: Epoch 39: train_loss=2.4687, val_loss=2.4327, val_ppl=11.39
2026-03-23 20:59:21 INFO generator.run.generator.training: Epoch 40: train_loss=2.4672, val_loss=2.4319, val_ppl=11.38
2026-03-23 21:16:25 INFO generator.run.generator.training: Epoch 41: train_loss=2.4659, val_loss=2.4288, val_ppl=11.35
2026-03-23 21:36:56 INFO generator.run.generator.training: Epoch 42: train_loss=2.4643, val_loss=2.4276, val_ppl=11.33
2026-03-23 22:05:53 INFO generator.run.generator.training: Epoch 43: train_loss=2.4630, val_loss=2.4263, val_ppl=11.32
2026-03-23 22:35:33 INFO generator.run.generator.training: Epoch 44: train_loss=2.4623, val_loss=2.4249, val_ppl=11.30
2026-03-23 23:06:07 INFO generator.run.generator.training: Epoch 45: train_loss=2.4611, val_loss=2.4237, val_ppl=11.29
2026-03-23 23:46:18 INFO generator.run.generator.training: Epoch 46: train_loss=2.4604, val_loss=2.4234, val_ppl=11.28
2026-03-24 00:19:33 INFO generator.run.generator.training: Epoch 47: train_loss=2.4599, val_loss=2.4233, val_ppl=11.28
2026-03-24 00:37:11 INFO generator.run.generator.training: Epoch 48: train_loss=2.4594, val_loss=2.4227, val_ppl=11.28
2026-03-24 00:54:29 INFO generator.run.generator.training: Epoch 49: train_loss=2.4590, val_loss=2.4226, val_ppl=11.27
2026-03-24 01:10:45 INFO generator.run.generator.training: Epoch 50: train_loss=2.4587, val_loss=2.4225, val_ppl=11.27
2026-03-24 01:10:49 INFO generator.run.generator.training: Best validation perplexity: 11.27
2026-03-24 01:10:49 INFO generator.run.generator.training: Best validation epoch: 49
2026-03-24 01:10:49 INFO generator.run.generator.pipeline: AR model saved to outputs/generator_no_xai_ablation_20260323_0637/20260323_063426/ar_model.pt
2026-03-24 01:10:49 INFO generator.run.generator.checkpoints: Reusable AR preset saved to generator/checkpoints/ar_transformer_latest.pt
2026-03-24 01:10:49 INFO generator.run.generator.checkpoints: Preset metadata saved to generator/checkpoints/ar_transformer_latest.meta.json
2026-03-24 01:10:49 INFO generator.run.generator.checkpoints: Reuse later with: --ar_ckpt generator/checkpoints/ar_transformer_latest.pt
2026-03-24 01:10:49 INFO generator.run.generator.pipeline: Loading predictor (NetMHCpan 4.2)...
2026-03-24 01:10:49 INFO generator.run.generator.scoring.scoring_wrapper: PredictorWrapper: using NetMHCpan at /Users/pranavipanduga/Downloads/netMHCpan-4.2/Darwin_arm64/bin/netMHCpan-4.2
2026-03-24 01:10:49 INFO generator.run.generator.pipeline: Using uniform position weights (without SHAP)...
2026-03-24 01:10:49 INFO generator.run.generator.pipeline: Position weights: [0.091 0.091 0.091 0.091 0.091 0.091 0.091 0.091 0.091 0.091 0.091]
2026-03-24 01:10:50 INFO generator.run.generator.pipeline: ============================================================
2026-03-24 01:10:50 INFO generator.run.generator.pipeline: Generating for HLA-A*02:01
2026-03-24 01:10:50 INFO generator.run.generator.pipeline: ============================================================
2026-03-24 01:10:50 INFO generator.run.generator.pipeline: [1/4] Generating candidate peptides...
2026-03-24 01:11:11 INFO generator.run.generator.training: Generated 512 unique peptides for HLA-A*02:01
2026-03-24 01:11:11 INFO generator.run.generator.pipeline: Generated 512 unique candidates
2026-03-24 01:11:11 INFO generator.run.generator.pipeline: [2/4] Scoring candidates with predictor...
2026-03-24 01:11:15 INFO generator.run.generator.pipeline: Top-10 scores: -0.4539 +/- 0.0753
2026-03-24 01:11:15 INFO generator.run.generator.pipeline: [3/4] Refining top candidates without SHAP guidance...
2026-03-24 01:11:15 INFO generator.run.generator.refinement_loop.loop: Scoring 200 candidates...
2026-03-24 01:16:30 INFO generator.run.generator.pipeline: Improved 193/200 candidates through refinement
2026-03-24 01:16:30 INFO generator.run.generator.pipeline: Uniqueness: 512/512 (100.0%)
2026-03-24 01:16:30 INFO generator.run.generator.pipeline: Duplicates: 0 -> 0
2026-03-24 01:16:30 INFO generator.run.generator.pipeline: [4/4] Selecting final diverse set...
2026-03-24 01:16:30 INFO generator.run.generator.selection.diversity: min_dist=6: {8: 5, 9: 20, 10: 15, 11: 10} (target: {8: 5, 9: 20, 10: 15, 11: 10})
2026-03-24 03:18:52 INFO generator.run.generator.pipeline: Final selection: 50 peptides
2026-03-24 03:18:52 INFO generator.run.generator.pipeline: Score: -0.7508 +/- 0.7995
2026-03-24 03:18:52 INFO generator.run.generator.pipeline: Avg pairwise edit distance: 7.87
2026-03-24 03:18:52 INFO generator.run.generator.pipeline: Length distribution: {9: 20, 10: 15, 11: 10, 8: 5}
2026-03-24 03:18:52 INFO generator.run.generator.pipeline: Novelty: mean NN dist=3.28, median=3.0, min=2, exact_matches=0
2026-03-24 03:18:53 INFO generator.run.generator.utils: Saved 50 peptides to outputs/generator_no_xai_ablation_20260323_0637/20260323_063426/HLA-A_02_01/final_peptides_div.csv
2026-03-24 03:18:53 INFO generator.run.generator.utils: Saved 50 peptides to outputs/generator_no_xai_ablation_20260323_0637/20260323_063426/HLA-A_02_01/final_peptides_nodiv.csv
2026-03-24 03:18:53 INFO generator.run.generator.pipeline: ============================================================
2026-03-24 03:18:53 INFO generator.run.generator.pipeline: Generating for HLA-B*27:05
2026-03-24 03:18:53 INFO generator.run.generator.pipeline: ============================================================
2026-03-24 03:18:53 INFO generator.run.generator.pipeline: [1/4] Generating candidate peptides...
2026-03-24 04:19:18 INFO generator.run.generator.training: Generated 512 unique peptides for HLA-B*27:05
2026-03-24 04:19:18 INFO generator.run.generator.pipeline: Generated 512 unique candidates
2026-03-24 04:19:18 INFO generator.run.generator.pipeline: [2/4] Scoring candidates with predictor...
2026-03-24 04:19:22 INFO generator.run.generator.pipeline: Top-10 scores: -0.9536 +/- 0.0884
2026-03-24 04:19:22 INFO generator.run.generator.pipeline: [3/4] Refining top candidates without SHAP guidance...
2026-03-24 04:19:22 INFO generator.run.generator.refinement_loop.loop: Scoring 200 candidates...
2026-03-24 10:01:47 INFO generator.run.generator.pipeline: Improved 198/200 candidates through refinement
2026-03-24 10:01:47 INFO generator.run.generator.pipeline: Uniqueness: 512/512 (100.0%)
2026-03-24 10:01:47 INFO generator.run.generator.pipeline: Duplicates: 0 -> 0
2026-03-24 10:01:47 INFO generator.run.generator.pipeline: [4/4] Selecting final diverse set...
2026-03-24 10:01:47 INFO generator.run.generator.selection.diversity: min_dist=6: {8: 5, 9: 20, 10: 15, 11: 10} (target: {8: 5, 9: 20, 10: 15, 11: 10})
2026-03-24 10:03:17 INFO generator.run.generator.pipeline: Final selection: 50 peptides
2026-03-24 10:03:17 INFO generator.run.generator.pipeline: Score: -1.2174 +/- 0.6558
2026-03-24 10:03:17 INFO generator.run.generator.pipeline: Avg pairwise edit distance: 7.80
2026-03-24 10:03:17 INFO generator.run.generator.pipeline: Length distribution: {9: 20, 10: 15, 11: 10, 8: 5}
2026-03-24 10:03:17 INFO generator.run.generator.pipeline: Novelty: mean NN dist=3.60, median=4.0, min=2, exact_matches=0
2026-03-24 10:03:17 INFO generator.run.generator.utils: Saved 50 peptides to outputs/generator_no_xai_ablation_20260323_0637/20260323_063426/HLA-B_27_05/final_peptides_div.csv
2026-03-24 10:03:17 INFO generator.run.generator.utils: Saved 50 peptides to outputs/generator_no_xai_ablation_20260323_0637/20260323_063426/HLA-B_27_05/final_peptides_nodiv.csv
2026-03-24 10:03:18 INFO generator.run.generator.pipeline: ============================================================
2026-03-24 10:03:18 INFO generator.run.generator.pipeline: Generating for HLA-B*07:02
2026-03-24 10:03:18 INFO generator.run.generator.pipeline: ============================================================
2026-03-24 10:03:18 INFO generator.run.generator.pipeline: [1/4] Generating candidate peptides...
2026-03-24 10:03:41 INFO generator.run.generator.training: Generated 512 unique peptides for HLA-B*07:02
2026-03-24 10:03:41 INFO generator.run.generator.pipeline: Generated 512 unique candidates
2026-03-24 10:03:41 INFO generator.run.generator.pipeline: [2/4] Scoring candidates with predictor...
2026-03-24 10:03:44 INFO generator.run.generator.pipeline: Top-10 scores: -0.3922 +/- 0.0410
2026-03-24 10:03:44 INFO generator.run.generator.pipeline: [3/4] Refining top candidates without SHAP guidance...
2026-03-24 10:03:44 INFO generator.run.generator.refinement_loop.loop: Scoring 200 candidates...
2026-03-24 10:09:14 INFO generator.run.generator.pipeline: Improved 191/200 candidates through refinement
2026-03-24 10:09:14 INFO generator.run.generator.pipeline: Uniqueness: 512/512 (100.0%)
2026-03-24 10:09:14 INFO generator.run.generator.pipeline: Duplicates: 0 -> 0
2026-03-24 10:09:14 INFO generator.run.generator.pipeline: [4/4] Selecting final diverse set...
2026-03-24 10:09:15 INFO generator.run.generator.selection.diversity: min_dist=6: {8: 4, 9: 20, 10: 15, 11: 10} (target: {8: 5, 9: 20, 10: 15, 11: 10})
2026-03-24 10:09:15 INFO generator.run.generator.selection.diversity: min_dist=5: {8: 5, 9: 20, 10: 15, 11: 10} (target: {8: 5, 9: 20, 10: 15, 11: 10})
2026-03-24 10:09:58 INFO generator.run.generator.pipeline: Final selection: 50 peptides
2026-03-24 10:09:58 INFO generator.run.generator.pipeline: Score: -1.1603 +/- 0.8403
2026-03-24 10:09:58 INFO generator.run.generator.pipeline: Avg pairwise edit distance: 7.56
2026-03-24 10:09:58 INFO generator.run.generator.pipeline: Length distribution: {9: 20, 10: 15, 11: 10, 8: 5}
2026-03-24 10:09:58 INFO generator.run.generator.pipeline: Novelty: mean NN dist=3.08, median=3.0, min=2, exact_matches=0
2026-03-24 10:09:58 INFO generator.run.generator.utils: Saved 50 peptides to outputs/generator_no_xai_ablation_20260323_0637/20260323_063426/HLA-B_07_02/final_peptides_div.csv
2026-03-24 10:09:58 INFO generator.run.generator.utils: Saved 50 peptides to outputs/generator_no_xai_ablation_20260323_0637/20260323_063426/HLA-B_07_02/final_peptides_nodiv.csv
2026-03-24 10:09:58 INFO generator.run.generator.pipeline: ============================================================
2026-03-24 10:09:58 INFO generator.run.generator.pipeline: Generating for HLA-A*03:01
2026-03-24 10:09:58 INFO generator.run.generator.pipeline: ============================================================
2026-03-24 10:09:58 INFO generator.run.generator.pipeline: [1/4] Generating candidate peptides...
2026-03-24 10:10:10 INFO generator.run.generator.training: Generated 512 unique peptides for HLA-A*03:01
2026-03-24 10:10:10 INFO generator.run.generator.pipeline: Generated 512 unique candidates
2026-03-24 10:10:10 INFO generator.run.generator.pipeline: [2/4] Scoring candidates with predictor...
2026-03-24 10:10:14 INFO generator.run.generator.pipeline: Top-10 scores: -0.8069 +/- 0.0776
2026-03-24 10:10:14 INFO generator.run.generator.pipeline: [3/4] Refining top candidates without SHAP guidance...
2026-03-24 10:10:14 INFO generator.run.generator.refinement_loop.loop: Scoring 200 candidates...
2026-03-24 10:16:15 INFO generator.run.generator.pipeline: Improved 198/200 candidates through refinement
2026-03-24 10:16:15 INFO generator.run.generator.pipeline: Uniqueness: 512/512 (100.0%)
2026-03-24 10:16:15 INFO generator.run.generator.pipeline: Duplicates: 0 -> 0
2026-03-24 10:16:15 INFO generator.run.generator.pipeline: [4/4] Selecting final diverse set...
2026-03-24 10:16:15 INFO generator.run.generator.selection.diversity: min_dist=6: {8: 5, 9: 20, 10: 15, 11: 10} (target: {8: 5, 9: 20, 10: 15, 11: 10})
2026-03-24 10:16:41 INFO generator.run.generator.pipeline: Final selection: 50 peptides
2026-03-24 10:16:41 INFO generator.run.generator.pipeline: Score: -1.0118 +/- 0.7223
2026-03-24 10:16:41 INFO generator.run.generator.pipeline: Avg pairwise edit distance: 7.71
2026-03-24 10:16:41 INFO generator.run.generator.pipeline: Length distribution: {9: 20, 10: 15, 11: 10, 8: 5}
2026-03-24 10:16:41 INFO generator.run.generator.pipeline: Novelty: mean NN dist=3.58, median=4.0, min=2, exact_matches=0
2026-03-24 10:16:41 INFO generator.run.generator.utils: Saved 50 peptides to outputs/generator_no_xai_ablation_20260323_0637/20260323_063426/HLA-A_03_01/final_peptides_div.csv
2026-03-24 10:16:41 INFO generator.run.generator.utils: Saved 50 peptides to outputs/generator_no_xai_ablation_20260323_0637/20260323_063426/HLA-A_03_01/final_peptides_nodiv.csv
2026-03-24 10:16:42 INFO generator.run.generator.pipeline: ============================================================
2026-03-24 10:16:42 INFO generator.run.generator.pipeline: Generating for HLA-B*57:01
2026-03-24 10:16:42 INFO generator.run.generator.pipeline: ============================================================
2026-03-24 10:16:42 INFO generator.run.generator.pipeline: [1/4] Generating candidate peptides...
2026-03-24 10:16:53 INFO generator.run.generator.training: Generated 512 unique peptides for HLA-B*57:01
2026-03-24 10:16:53 INFO generator.run.generator.pipeline: Generated 512 unique candidates
2026-03-24 10:16:53 INFO generator.run.generator.pipeline: [2/4] Scoring candidates with predictor...
2026-03-24 10:16:55 INFO generator.run.generator.pipeline: Top-10 scores: -0.6410 +/- 0.0540
2026-03-24 10:16:55 INFO generator.run.generator.pipeline: [3/4] Refining top candidates without SHAP guidance...
2026-03-24 10:16:55 INFO generator.run.generator.refinement_loop.loop: Scoring 200 candidates...
2026-03-24 10:21:37 INFO generator.run.generator.pipeline: Improved 197/200 candidates through refinement
2026-03-24 10:21:37 INFO generator.run.generator.pipeline: Uniqueness: 512/512 (100.0%)
2026-03-24 10:21:37 INFO generator.run.generator.pipeline: Duplicates: 0 -> 0
2026-03-24 10:21:37 INFO generator.run.generator.pipeline: [4/4] Selecting final diverse set...
2026-03-24 10:21:37 INFO generator.run.generator.selection.diversity: min_dist=6: {8: 5, 9: 20, 10: 15, 11: 10} (target: {8: 5, 9: 20, 10: 15, 11: 10})
2026-03-24 10:22:02 INFO generator.run.generator.pipeline: Final selection: 50 peptides
2026-03-24 10:22:02 INFO generator.run.generator.pipeline: Score: -0.8169 +/- 0.4979
2026-03-24 10:22:02 INFO generator.run.generator.pipeline: Avg pairwise edit distance: 7.78
2026-03-24 10:22:02 INFO generator.run.generator.pipeline: Length distribution: {9: 20, 10: 15, 11: 10, 8: 5}
2026-03-24 10:22:02 INFO generator.run.generator.pipeline: Novelty: mean NN dist=3.76, median=4.0, min=2, exact_matches=0
2026-03-24 10:22:02 INFO generator.run.generator.utils: Saved 50 peptides to outputs/generator_no_xai_ablation_20260323_0637/20260323_063426/HLA-B_57_01/final_peptides_div.csv
2026-03-24 10:22:03 INFO generator.run.generator.utils: Saved 50 peptides to outputs/generator_no_xai_ablation_20260323_0637/20260323_063426/HLA-B_57_01/final_peptides_nodiv.csv
2026-03-24 10:22:03 INFO generator.run.generator.pipeline: ============================================================
2026-03-24 10:22:03 INFO generator.run.generator.pipeline: Generating for HLA-B*15:02
2026-03-24 10:22:03 INFO generator.run.generator.pipeline: ============================================================
2026-03-24 10:22:03 INFO generator.run.generator.pipeline: [1/4] Generating candidate peptides...
2026-03-24 10:22:16 INFO generator.run.generator.training: Generated 512 unique peptides for HLA-B*15:02
2026-03-24 10:22:16 INFO generator.run.generator.pipeline: Generated 512 unique candidates
2026-03-24 10:22:16 INFO generator.run.generator.pipeline: [2/4] Scoring candidates with predictor...
2026-03-24 10:22:19 INFO generator.run.generator.pipeline: Top-10 scores: -0.8509 +/- 0.0901
2026-03-24 10:22:19 INFO generator.run.generator.pipeline: [3/4] Refining top candidates without SHAP guidance...
2026-03-24 10:22:19 INFO generator.run.generator.refinement_loop.loop: Scoring 200 candidates...
2026-03-24 10:27:02 INFO generator.run.generator.pipeline: Improved 193/200 candidates through refinement
2026-03-24 10:27:02 INFO generator.run.generator.pipeline: Uniqueness: 512/512 (100.0%)
2026-03-24 10:27:02 INFO generator.run.generator.pipeline: Duplicates: 0 -> 0
2026-03-24 10:27:02 INFO generator.run.generator.pipeline: [4/4] Selecting final diverse set...
2026-03-24 10:27:02 INFO generator.run.generator.selection.diversity: min_dist=6: {8: 5, 9: 20, 10: 15, 11: 10} (target: {8: 5, 9: 20, 10: 15, 11: 10})
2026-03-24 10:27:26 INFO generator.run.generator.pipeline: Final selection: 50 peptides
2026-03-24 10:27:26 INFO generator.run.generator.pipeline: Score: -1.1555 +/- 0.5637
2026-03-24 10:27:26 INFO generator.run.generator.pipeline: Avg pairwise edit distance: 7.79
2026-03-24 10:27:26 INFO generator.run.generator.pipeline: Length distribution: {9: 20, 10: 15, 11: 10, 8: 5}
2026-03-24 10:27:26 INFO generator.run.generator.pipeline: Novelty: mean NN dist=3.74, median=4.0, min=2, exact_matches=0
2026-03-24 10:27:26 INFO generator.run.generator.utils: Saved 50 peptides to outputs/generator_no_xai_ablation_20260323_0637/20260323_063426/HLA-B_15_02/final_peptides_div.csv
2026-03-24 10:27:26 INFO generator.run.generator.utils: Saved 50 peptides to outputs/generator_no_xai_ablation_20260323_0637/20260323_063426/HLA-B_15_02/final_peptides_nodiv.csv
2026-03-24 10:27:27 INFO generator.run.generator.pipeline: ============================================================
2026-03-24 10:27:27 INFO generator.run.generator.pipeline: Generating for HLA-B*40:01
2026-03-24 10:27:27 INFO generator.run.generator.pipeline: ============================================================
2026-03-24 10:27:27 INFO generator.run.generator.pipeline: [1/4] Generating candidate peptides...
2026-03-24 10:27:38 INFO generator.run.generator.training: Generated 512 unique peptides for HLA-B*40:01
2026-03-24 10:27:38 INFO generator.run.generator.pipeline: Generated 512 unique candidates
2026-03-24 10:27:38 INFO generator.run.generator.pipeline: [2/4] Scoring candidates with predictor...
2026-03-24 10:27:41 INFO generator.run.generator.pipeline: Top-10 scores: -0.7678 +/- 0.0488
2026-03-24 10:27:41 INFO generator.run.generator.pipeline: [3/4] Refining top candidates without SHAP guidance...
2026-03-24 10:27:41 INFO generator.run.generator.refinement_loop.loop: Scoring 200 candidates...
2026-03-24 10:32:30 INFO generator.run.generator.pipeline: Improved 195/200 candidates through refinement
2026-03-24 10:32:30 INFO generator.run.generator.pipeline: Uniqueness: 512/512 (100.0%)
2026-03-24 10:32:30 INFO generator.run.generator.pipeline: Duplicates: 0 -> 0
2026-03-24 10:32:30 INFO generator.run.generator.pipeline: [4/4] Selecting final diverse set...
2026-03-24 10:32:31 INFO generator.run.generator.selection.diversity: min_dist=6: {8: 2, 9: 20, 10: 15, 11: 10} (target: {8: 5, 9: 20, 10: 15, 11: 10})
2026-03-24 10:32:31 INFO generator.run.generator.selection.diversity: min_dist=5: {8: 5, 9: 20, 10: 15, 11: 10} (target: {8: 5, 9: 20, 10: 15, 11: 10})
2026-03-24 10:32:55 INFO generator.run.generator.pipeline: Final selection: 50 peptides
2026-03-24 10:32:55 INFO generator.run.generator.pipeline: Score: -1.0558 +/- 0.6009
2026-03-24 10:32:55 INFO generator.run.generator.pipeline: Avg pairwise edit distance: 7.18
2026-03-24 10:32:55 INFO generator.run.generator.pipeline: Length distribution: {9: 20, 10: 15, 11: 10, 8: 5}
2026-03-24 10:32:55 INFO generator.run.generator.pipeline: Novelty: mean NN dist=3.28, median=3.0, min=2, exact_matches=0
2026-03-24 10:32:55 INFO generator.run.generator.utils: Saved 50 peptides to outputs/generator_no_xai_ablation_20260323_0637/20260323_063426/HLA-B_40_01/final_peptides_div.csv
2026-03-24 10:32:55 INFO generator.run.generator.utils: Saved 50 peptides to outputs/generator_no_xai_ablation_20260323_0637/20260323_063426/HLA-B_40_01/final_peptides_nodiv.csv
2026-03-24 10:32:55 INFO generator.run.generator.pipeline: ============================================================
2026-03-24 10:32:55 INFO generator.run.generator.pipeline: Generating for HLA-B*51:01
2026-03-24 10:32:55 INFO generator.run.generator.pipeline: ============================================================
2026-03-24 10:32:55 INFO generator.run.generator.pipeline: [1/4] Generating candidate peptides...
2026-03-24 10:33:09 INFO generator.run.generator.training: Generated 511 unique peptides for HLA-B*51:01
2026-03-24 10:33:09 INFO generator.run.generator.pipeline: Generated 511 unique candidates
2026-03-24 10:33:09 INFO generator.run.generator.pipeline: [2/4] Scoring candidates with predictor...
2026-03-24 10:33:11 INFO generator.run.generator.pipeline: Top-10 scores: -1.6892 +/- 0.1037
2026-03-24 10:33:11 INFO generator.run.generator.pipeline: [3/4] Refining top candidates without SHAP guidance...
2026-03-24 10:33:11 INFO generator.run.generator.refinement_loop.loop: Scoring 200 candidates...
2026-03-24 10:37:41 INFO generator.run.generator.pipeline: Improved 186/200 candidates through refinement
2026-03-24 10:37:41 INFO generator.run.generator.pipeline: Uniqueness: 511/511 (100.0%)
2026-03-24 10:37:41 INFO generator.run.generator.pipeline: Duplicates: 0 -> 0
2026-03-24 10:37:41 INFO generator.run.generator.pipeline: [4/4] Selecting final diverse set...
2026-03-24 10:37:41 INFO generator.run.generator.selection.diversity: min_dist=6: {8: 5, 9: 20, 10: 15, 11: 10} (target: {8: 5, 9: 20, 10: 15, 11: 10})
2026-03-24 10:38:03 INFO generator.run.generator.pipeline: Final selection: 50 peptides
2026-03-24 10:38:03 INFO generator.run.generator.pipeline: Score: -2.0144 +/- 0.4970
2026-03-24 10:38:03 INFO generator.run.generator.pipeline: Avg pairwise edit distance: 7.81
2026-03-24 10:38:03 INFO generator.run.generator.pipeline: Length distribution: {9: 20, 10: 15, 11: 10, 8: 5}
2026-03-24 10:38:03 INFO generator.run.generator.pipeline: Novelty: mean NN dist=3.52, median=4.0, min=2, exact_matches=0
2026-03-24 10:38:03 INFO generator.run.generator.utils: Saved 50 peptides to outputs/generator_no_xai_ablation_20260323_0637/20260323_063426/HLA-B_51_01/final_peptides_div.csv
2026-03-24 10:38:03 INFO generator.run.generator.utils: Saved 50 peptides to outputs/generator_no_xai_ablation_20260323_0637/20260323_063426/HLA-B_51_01/final_peptides_nodiv.csv
2026-03-24 10:38:03 INFO generator.run.generator.pipeline: ============================================================
2026-03-24 10:38:03 INFO generator.run.generator.pipeline: Generating for HLA-B*40:02
2026-03-24 10:38:03 INFO generator.run.generator.pipeline: ============================================================
2026-03-24 10:38:03 INFO generator.run.generator.pipeline: [1/4] Generating candidate peptides...
2026-03-24 10:38:17 INFO generator.run.generator.training: Generated 512 unique peptides for HLA-B*40:02
2026-03-24 10:38:17 INFO generator.run.generator.pipeline: Generated 512 unique candidates
2026-03-24 10:38:17 INFO generator.run.generator.pipeline: [2/4] Scoring candidates with predictor...
2026-03-24 10:38:19 INFO generator.run.generator.pipeline: Top-10 scores: -0.9697 +/- 0.0360
2026-03-24 10:38:19 INFO generator.run.generator.pipeline: [3/4] Refining top candidates without SHAP guidance...
2026-03-24 10:38:19 INFO generator.run.generator.refinement_loop.loop: Scoring 200 candidates...
2026-03-24 10:42:55 INFO generator.run.generator.pipeline: Improved 195/200 candidates through refinement
2026-03-24 10:42:55 INFO generator.run.generator.pipeline: Uniqueness: 512/512 (100.0%)
2026-03-24 10:42:55 INFO generator.run.generator.pipeline: Duplicates: 0 -> 0
2026-03-24 10:42:55 INFO generator.run.generator.pipeline: [4/4] Selecting final diverse set...
2026-03-24 10:42:55 INFO generator.run.generator.selection.diversity: min_dist=6: {8: 5, 9: 20, 10: 15, 11: 10} (target: {8: 5, 9: 20, 10: 15, 11: 10})
2026-03-24 10:43:18 INFO generator.run.generator.pipeline: Final selection: 50 peptides
2026-03-24 10:43:18 INFO generator.run.generator.pipeline: Score: -1.0815 +/- 0.3642
2026-03-24 10:43:18 INFO generator.run.generator.pipeline: Avg pairwise edit distance: 7.57
2026-03-24 10:43:18 INFO generator.run.generator.pipeline: Length distribution: {9: 20, 10: 15, 11: 10, 8: 5}
2026-03-24 10:43:18 INFO generator.run.generator.pipeline: Novelty: mean NN dist=3.42, median=3.0, min=2, exact_matches=0
2026-03-24 10:43:18 INFO generator.run.generator.utils: Saved 50 peptides to outputs/generator_no_xai_ablation_20260323_0637/20260323_063426/HLA-B_40_02/final_peptides_div.csv
2026-03-24 10:43:18 INFO generator.run.generator.utils: Saved 50 peptides to outputs/generator_no_xai_ablation_20260323_0637/20260323_063426/HLA-B_40_02/final_peptides_nodiv.csv
2026-03-24 10:43:18 INFO generator.run.generator.pipeline: ============================================================
2026-03-24 10:43:18 INFO generator.run.generator.pipeline: Generating for HLA-A*11:01
2026-03-24 10:43:18 INFO generator.run.generator.pipeline: ============================================================
2026-03-24 10:43:18 INFO generator.run.generator.pipeline: [1/4] Generating candidate peptides...
2026-03-24 10:43:28 INFO generator.run.generator.training: Generated 512 unique peptides for HLA-A*11:01
2026-03-24 10:43:28 INFO generator.run.generator.pipeline: Generated 512 unique candidates
2026-03-24 10:43:28 INFO generator.run.generator.pipeline: [2/4] Scoring candidates with predictor...
2026-03-24 10:43:31 INFO generator.run.generator.pipeline: Top-10 scores: -0.5660 +/- 0.0475
2026-03-24 10:43:31 INFO generator.run.generator.pipeline: [3/4] Refining top candidates without SHAP guidance...
2026-03-24 10:43:31 INFO generator.run.generator.refinement_loop.loop: Scoring 200 candidates...
2026-03-24 10:48:15 INFO generator.run.generator.pipeline: Improved 197/200 candidates through refinement
2026-03-24 10:48:15 INFO generator.run.generator.pipeline: Uniqueness: 512/512 (100.0%)
2026-03-24 10:48:15 INFO generator.run.generator.pipeline: Duplicates: 0 -> 0
2026-03-24 10:48:15 INFO generator.run.generator.pipeline: [4/4] Selecting final diverse set...
2026-03-24 10:48:16 INFO generator.run.generator.selection.diversity: min_dist=6: {8: 5, 9: 20, 10: 15, 11: 10} (target: {8: 5, 9: 20, 10: 15, 11: 10})
2026-03-24 10:48:40 INFO generator.run.generator.pipeline: Final selection: 50 peptides
2026-03-24 10:48:40 INFO generator.run.generator.pipeline: Score: -0.8342 +/- 0.7724
2026-03-24 10:48:40 INFO generator.run.generator.pipeline: Avg pairwise edit distance: 7.56
2026-03-24 10:48:40 INFO generator.run.generator.pipeline: Length distribution: {9: 20, 10: 15, 11: 10, 8: 5}
2026-03-24 10:48:40 INFO generator.run.generator.pipeline: Novelty: mean NN dist=3.72, median=4.0, min=3, exact_matches=0
2026-03-24 10:48:40 INFO generator.run.generator.utils: Saved 50 peptides to outputs/generator_no_xai_ablation_20260323_0637/20260323_063426/HLA-A_11_01/final_peptides_div.csv
2026-03-24 10:48:40 INFO generator.run.generator.utils: Saved 50 peptides to outputs/generator_no_xai_ablation_20260323_0637/20260323_063426/HLA-A_11_01/final_peptides_nodiv.csv
2026-03-24 10:48:40 INFO generator.run.generator.utils: Run summary saved to outputs/generator_no_xai_ablation_20260323_0637/20260323_063426/run_summary.json
2026-03-24 10:48:40 INFO generator.run.generator.pipeline: ============================================================
2026-03-24 10:48:40 INFO generator.run.generator.pipeline: Generation complete!
2026-03-24 10:48:40 INFO generator.run.generator.pipeline: ============================================================
2026-03-24 10:48:40 INFO generator.run.generator.pipeline: Run ID: 20260323_063426
2026-03-24 10:48:40 INFO generator.run.generator.pipeline: Output directory: outputs/generator_no_xai_ablation_20260323_0637/20260323_063426
2026-03-24 10:48:40 INFO generator.run.generator.pipeline: Alleles processed: 10
2026-03-24 10:48:40 INFO generator.run.generator.pipeline: Total peptides: 500
2026-03-24 10:48:40 INFO generator.run.generator.pipeline: Aggregate binding pass-rates (macro-avg over 10 alleles):
2026-03-24 10:48:40 INFO generator.run.generator.pipeline: %SB  (IC50 <= 50 nM): 84.2%
2026-03-24 10:48:40 INFO generator.run.generator.pipeline: %WB  (IC50 <= 500 nM): 93.8%
/Users/pranavipanduga/Documents/fyp/Epitote-HLA-Binding-Prediction-and-Design-1/generator/training.py:269: FutureWarning: You are using `torch.load` with `weights_only=False` (the current default value), which uses the default pickle module implicitly. It is possible to construct malicious pickle data which will execute arbitrary code during unpickling (See https://github.com/pytorch/pytorch/blob/main/SECURITY.md#untrusted-models for more details). In a future release, the default value for `weights_only` will be flipped to `True`. This limits the functions that could be executed during unpickling. Arbitrary objects will no longer be allowed to be loaded via this mode unless they are explicitly allowlisted by the user via `torch.serialization.add_safe_globals`. We recommend you start setting `weights_only=True` for any use case where you don't have full control of the loaded file. Please open an issue on GitHub for any issues related to this experimental feature.
  model.load_state_dict(torch.load(save_path, map_location=device))

  Binding pass-rates for HLA-A*02:01 (50 peptides):
     %SB  (IC50 <= 50 nM):   90.0%  (45/50)
     %WB  (IC50 <= 500 nM):  92.0%  (46/50)
     Median affinity:        3.3 nM
     Mean score (-log10 nM): -0.751

  Binding pass-rates for HLA-B*27:05 (50 peptides):
     %SB  (IC50 <= 50 nM):   90.0%  (45/50)
     %WB  (IC50 <= 500 nM):  92.0%  (46/50)
     Median affinity:        11.2 nM
     Mean score (-log10 nM): -1.217

  Binding pass-rates for HLA-B*07:02 (50 peptides):
     %SB  (IC50 <= 50 nM):   84.0%  (42/50)
     %WB  (IC50 <= 500 nM):  94.0%  (47/50)
     Median affinity:        10.9 nM
     Mean score (-log10 nM): -1.160

  Binding pass-rates for HLA-A*03:01 (50 peptides):
     %SB  (IC50 <= 50 nM):   90.0%  (45/50)
     %WB  (IC50 <= 500 nM):  92.0%  (46/50)
     Median affinity:        6.3 nM
     Mean score (-log10 nM): -1.012

  Binding pass-rates for HLA-B*57:01 (50 peptides):
     %SB  (IC50 <= 50 nM):   92.0%  (46/50)
     %WB  (IC50 <= 500 nM):  98.0%  (49/50)
     Median affinity:        4.6 nM
     Mean score (-log10 nM): -0.817

  Binding pass-rates for HLA-B*15:02 (50 peptides):
     %SB  (IC50 <= 50 nM):   90.0%  (45/50)
     %WB  (IC50 <= 500 nM):  96.0%  (48/50)
     Median affinity:        9.3 nM
     Mean score (-log10 nM): -1.156

  Binding pass-rates for HLA-B*40:01 (50 peptides):
     %SB  (IC50 <= 50 nM):   96.0%  (48/50)
     %WB  (IC50 <= 500 nM):  98.0%  (49/50)
     Median affinity:        9.2 nM
     Mean score (-log10 nM): -1.056

  Binding pass-rates for HLA-B*51:01 (50 peptides):
     %SB  (IC50 <= 50 nM):   28.0%  (14/50)
     %WB  (IC50 <= 500 nM):  86.0%  (43/50)
     Median affinity:        89.9 nM
     Mean score (-log10 nM): -2.014

  Binding pass-rates for HLA-B*40:02 (50 peptides):
     %SB  (IC50 <= 50 nM):   92.0%  (46/50)
     %WB  (IC50 <= 500 nM):  100.0%  (50/50)
     Median affinity:        11.2 nM
     Mean score (-log10 nM): -1.081

  Binding pass-rates for HLA-A*11:01 (50 peptides):
     %SB  (IC50 <= 50 nM):   90.0%  (45/50)
     %WB  (IC50 <= 500 nM):  90.0%  (45/50)
     Median affinity:        4.2 nM
     Mean score (-log10 nM): -0.834
